#
# A fatal error has been detected by the Java Runtime Environment:
#
#  EXCEPTION_ACCESS_VIOLATION (0xc0000005) at pc=0x00007ffb6332db50, pid=5860, tid=14352
#
# JRE version: Java(TM) SE Runtime Environment (9.0+11) (build 9.0.4+11)
# Java VM: Java HotSpot(TM) 64-Bit Server VM (9.0.4+11, mixed mode, tiered, compressed oops, g1 gc, windows-amd64)
# Problematic frame:
# C  0x00007ffb6332db50
#
# No core dump will be written. Minidumps are not enabled by default on client versions of Windows
#
# If you would like to submit a bug report, please visit:
#   http://bugreport.java.com/bugreport/crash.jsp
# The crash happened outside the Java Virtual Machine in native code.
# See problematic frame for where to report the bug.
#

---------------  S U M M A R Y ------------

Command Line: -Dsun.java2d.pmoffscreen=false -Dsun.java2d.xrender=false -Dsun.java2d.d3d=false -Dsun.awt.nopixfmt=true -Dsun.java2d.dpiaware=true -Dsun.java2d.uiScale.enabled=false -Xverify:none -Dswing.aatext=true -XX:-UsePerfData -Djdk.map.althashing.threshold=512 -XX:StringTableSize=4072 --add-opens=java.base/java.nio=ALL-UNNAMED --add-opens=java.desktop/sun.swing=ALL-UNNAMED --add-opens=java.desktop/javax.swing=ALL-UNNAMED --add-opens=java.desktop/javax.swing.tree=ALL-UNNAMED --add-opens=java.desktop/javax.swing.plaf.basic=ALL-UNNAMED --add-opens=java.desktop/javax.swing.plaf.synth=ALL-UNNAMED --add-opens=java.desktop/com.sun.awt=ALL-UNNAMED -XX:NewSize=60m -XX:MaxNewSize=60m -Xms128m -Xmx3072m -Xss5m 

Host: Intel(R) Core(TM) i7-9750H CPU @ 2.60GHz, 12 cores, 15G,  Windows 10 , 64 bit Build 19041 (10.0.19041.1889)
Time: Thu Sep 01 12:53:04 2022 ?D1¨²¡À¨º¡Á?¨º¡À?? elapsed time: 9978 seconds (0d 2h 46m 18s)

---------------  T H R E A D  ---------------

Current thread (0x000002296c439000):  JavaThread "AWT-EventQueue-1" [_thread_in_native, id=14352, stack(0x000000706c300000,0x000000706c800000)]

Stack: [0x000000706c300000,0x000000706c800000],  sp=0x000000706c7f3da8,  free space=5071k
Native frames: (J=compiled Java code, j=interpreted, Vv=VM code, C=native code)
C  0x00007ffb6332db50

Java frames: (J=compiled Java code, j=interpreted, Vv=VM code)
J 19887  ui.views.waveform.waveformi.WVExecutive_getGraphicsDataSize(J)J (0 bytes) @ 0x000002295eff1421 [0x000002295eff13e0+0x0000000000000041]
J 19886 c1 ui.views.waveform.executive.a.gZe()Ljava/io/ByteArrayInputStream; (93 bytes) @ 0x0000022958a8c1ac [0x0000022958a8c0c0+0x00000000000000ec]
J 20713 c1 ui.views.waveform.b.a.gYQ()V (142 bytes) @ 0x0000022957451634 [0x0000022957451520+0x0000000000000114]
J 19626 c1 ui.views.waveform.w.cZO()V (38 bytes) @ 0x00000229585ea66c [0x00000229585e9f00+0x000000000000076c]
J 18439 c1 ui.views.waveform.c.b.j(Lui/frmwork/b/i;)V (603 bytes) @ 0x0000022958dd383c [0x0000022958dca120+0x000000000000971c]
J 18438 c1 ui.views.waveform.w.a(Lui/frmwork/b/i;)V (17 bytes) @ 0x00000229584d2c14 [0x00000229584d2b40+0x00000000000000d4]
J 22825 c2 ui.frmwork.b.l.d(Lui/frmwork/b/i;)V (61 bytes) @ 0x000002295f482264 [0x000002295f482040+0x0000000000000224]
J 21484 c2 ui.frmwork.G.i(JZ)V (471 bytes) @ 0x000002295f23283c [0x000002295f231120+0x000000000000171c]
J 23908 c1 ui.frmwork.G.fireTclEvent(J)I (113 bytes) @ 0x0000022957c1e97c [0x0000022957c1e1a0+0x00000000000007dc]
v  ~StubRoutines::call_stub
J 21269  ui.views.waveform.waveformi.WVExecutive_processModelEvent(JJ)V (0 bytes) @ 0x000002295ec569a4 [0x000002295ec56960+0x0000000000000044]
J 20470 c1 ui.views.waveform.c.b.eQ(J)V (109 bytes) @ 0x000002295906cc64 [0x000002295906cb20+0x0000000000000144]
J 18439 c1 ui.views.waveform.c.b.j(Lui/frmwork/b/i;)V (603 bytes) @ 0x0000022958dd4574 [0x0000022958dca120+0x000000000000a454]
J 18438 c1 ui.views.waveform.w.a(Lui/frmwork/b/i;)V (17 bytes) @ 0x00000229584d2c14 [0x00000229584d2b40+0x00000000000000d4]
J 22825 c2 ui.frmwork.b.l.d(Lui/frmwork/b/i;)V (61 bytes) @ 0x000002295f482264 [0x000002295f482040+0x0000000000000224]
J 21484 c2 ui.frmwork.G.i(JZ)V (471 bytes) @ 0x000002295f23283c [0x000002295f231120+0x000000000000171c]
J 23908 c1 ui.frmwork.G.fireTclEvent(J)I (113 bytes) @ 0x0000022957c1e97c [0x0000022957c1e1a0+0x00000000000007dc]
v  ~StubRoutines::call_stub
J 21269  ui.views.waveform.waveformi.WVExecutive_processModelEvent(JJ)V (0 bytes) @ 0x000002295ec569a4 [0x000002295ec56960+0x0000000000000044]
J 20470 c1 ui.views.waveform.c.b.eQ(J)V (109 bytes) @ 0x000002295906cc64 [0x000002295906cb20+0x0000000000000144]
j  ui.views.waveform.c.e.actionPerformed(Ljava/awt/event/ActionEvent;)V+8
J 17478 c2 javax.swing.Timer.fireActionPerformed(Ljava/awt/event/ActionEvent;)V java.desktop@9.0.4 (46 bytes) @ 0x000002295e3ab6d8 [0x000002295e3ab5c0+0x0000000000000118]
J 17479 c2 javax.swing.Timer$DoPostEvent.run()V java.desktop@9.0.4 (82 bytes) @ 0x000002295e3ab088 [0x000002295e3aaec0+0x00000000000001c8]
J 15100 c2 java.awt.EventQueue$3.run()Ljava/lang/Object; java.desktop@9.0.4 (5 bytes) @ 0x000002295eb9cc84 [0x000002295eb9cb80+0x0000000000000104]
v  ~StubRoutines::call_stub
J 3787  java.security.AccessController.doPrivileged(Ljava/security/PrivilegedAction;Ljava/security/AccessControlContext;)Ljava/lang/Object; java.base@9.0.4 (0 bytes) @ 0x000002295e0e4646 [0x000002295e0e45e0+0x0000000000000066]
J 14300 c2 ui.frmwork.b.d.dispatchEvent(Ljava/awt/AWTEvent;)V (34 bytes) @ 0x000002295e393b80 [0x000002295e393580+0x0000000000000600]
J 20182 c2 java.awt.EventDispatchThread.pumpOneEventForFilters(I)V java.desktop@9.0.4 (218 bytes) @ 0x000002295f07d0e0 [0x000002295f07c420+0x0000000000000cc0]
J 20414 c2 java.awt.EventDispatchThread.pumpEventsForFilter(ILjava/awt/Conditional;Ljava/awt/EventFilter;)V java.desktop@9.0.4 (47 bytes) @ 0x000002295f0e67a0 [0x000002295f0e65e0+0x00000000000001c0]
j  java.awt.EventDispatchThread.pumpEventsForFilter(Ljava/awt/Conditional;Ljava/awt/EventFilter;)V+4 java.desktop@9.0.4
j  java.awt.WaitDispatchSupport$2.run()V+59 java.desktop@9.0.4
j  java.awt.WaitDispatchSupport$4.run()Ljava/lang/Void;+4 java.desktop@9.0.4
j  java.awt.WaitDispatchSupport$4.run()Ljava/lang/Object;+1 java.desktop@9.0.4
v  ~StubRoutines::call_stub
J 996  java.security.AccessController.doPrivileged(Ljava/security/PrivilegedAction;)Ljava/lang/Object; java.base@9.0.4 (0 bytes) @ 0x000002295df2d8b2 [0x000002295df2d860+0x0000000000000052]
j  java.awt.WaitDispatchSupport.enter()Z+260 java.desktop@9.0.4
j  java.awt.Dialog.show()V+225 java.desktop@9.0.4
J 12955 c1 java.awt.Component.setVisible(Z)V java.desktop@9.0.4 (6 bytes) @ 0x00000229577696cc [0x00000229577694e0+0x00000000000001ec]
j  java.awt.Window.setVisible(Z)V+2 java.desktop@9.0.4
j  java.awt.Dialog.setVisible(Z)V+2 java.desktop@9.0.4
j  ui.b.c.g.setVisible(Z)V+2
j  ui.b.c.bB.showDialog()V+64
j  ui.b.c.bI.actionPerformed(Ljava/awt/event/ActionEvent;)V+8
j  ui.b.c.bB.cSz()V+396
j  ui.views.c.t.b.a.run()V+60
j  ui.frmwork.a.epE()Z+66
j  ui.frmwork.Y.erq()V+42
j  ui.bm.actionPerformed(Ljava/awt/event/ActionEvent;)V+25
j  javax.swing.AbstractButton.fireActionPerformed(Ljava/awt/event/ActionEvent;)V+84 java.desktop@9.0.4
j  ui.utils.p.b.E.fireActionPerformed(Ljava/awt/event/ActionEvent;)V+7
j  javax.swing.AbstractButton$Handler.actionPerformed(Ljava/awt/event/ActionEvent;)V+5 java.desktop@9.0.4
j  javax.swing.DefaultButtonModel.fireActionPerformed(Ljava/awt/event/ActionEvent;)V+34 java.desktop@9.0.4
j  javax.swing.DefaultButtonModel.setPressed(Z)V+117 java.desktop@9.0.4
j  javax.swing.plaf.basic.BasicButtonListener.mouseReleased(Ljava/awt/event/MouseEvent;)V+35 java.desktop@9.0.4
j  com.jidesoft.plaf.basic.BasicJideButtonListener.mouseReleased(Ljava/awt/event/MouseEvent;)V+61
J 20246 c1 java.awt.AWTEventMulticaster.mouseReleased(Ljava/awt/event/MouseEvent;)V java.desktop@9.0.4 (27 bytes) @ 0x0000022958fc808c [0x0000022958fc7e80+0x000000000000020c]
J 20246 c1 java.awt.AWTEventMulticaster.mouseReleased(Ljava/awt/event/MouseEvent;)V java.desktop@9.0.4 (27 bytes) @ 0x0000022958fc808c [0x0000022958fc7e80+0x000000000000020c]
J 20246 c1 java.awt.AWTEventMulticaster.mouseReleased(Ljava/awt/event/MouseEvent;)V java.desktop@9.0.4 (27 bytes) @ 0x0000022958fc808c [0x0000022958fc7e80+0x000000000000020c]
J 22803 c2 javax.swing.JComponent.processMouseEvent(Ljava/awt/event/MouseEvent;)V java.desktop@9.0.4 (27 bytes) @ 0x000002295f47ac90 [0x000002295f47aaa0+0x00000000000001f0]
J 22139 c2 java.awt.Container.processEvent(Ljava/awt/AWTEvent;)V java.desktop@9.0.4 (22 bytes) @ 0x000002295f336848 [0x000002295f3366e0+0x0000000000000168]
J 23305 c2 java.awt.Component.dispatchEventImpl(Ljava/awt/AWTEvent;)V java.desktop@9.0.4 (739 bytes) @ 0x000002295e26b624 [0x000002295e26ac60+0x00000000000009c4]
J 23942 c2 java.awt.Container.dispatchEventImpl(Ljava/awt/AWTEvent;)V java.desktop@9.0.4 (129 bytes) @ 0x000002295f0d76b8 [0x000002295f0d7660+0x0000000000000058]
J 17519 c2 java.awt.LightweightDispatcher.retargetMouseEvent(Ljava/awt/Component;ILjava/awt/event/MouseEvent;)V java.desktop@9.0.4 (350 bytes) @ 0x000002295e962d8c [0x000002295e962960+0x000000000000042c]
J 17552 c2 java.awt.LightweightDispatcher.processMouseEvent(Ljava/awt/event/MouseEvent;)Z java.desktop@9.0.4 (265 bytes) @ 0x000002295ea44720 [0x000002295ea44260+0x00000000000004c0]
J 23942 c2 java.awt.Container.dispatchEventImpl(Ljava/awt/AWTEvent;)V java.desktop@9.0.4 (129 bytes) @ 0x000002295f0d7a80 [0x000002295f0d7660+0x0000000000000420]
J 17502 c2 java.awt.Window.dispatchEventImpl(Ljava/awt/AWTEvent;)V java.desktop@9.0.4 (23 bytes) @ 0x000002295e5f588c [0x000002295e5f5840+0x000000000000004c]
J 15100 c2 java.awt.EventQueue$3.run()Ljava/lang/Object; java.desktop@9.0.4 (5 bytes) @ 0x000002295eb9cd3c [0x000002295eb9cb80+0x00000000000001bc]
v  ~StubRoutines::call_stub
J 3787  java.security.AccessController.doPrivileged(Ljava/security/PrivilegedAction;Ljava/security/AccessControlContext;)Ljava/lang/Object; java.base@9.0.4 (0 bytes) @ 0x000002295e0e4646 [0x000002295e0e45e0+0x0000000000000066]
J 15895 c2 java.awt.EventQueue$4.run()Ljava/lang/Object; java.desktop@9.0.4 (5 bytes) @ 0x000002295ec20940 [0x000002295ec206e0+0x0000000000000260]
v  ~StubRoutines::call_stub
J 3787  java.security.AccessController.doPrivileged(Ljava/security/PrivilegedAction;Ljava/security/AccessControlContext;)Ljava/lang/Object; java.base@9.0.4 (0 bytes) @ 0x000002295e0e4646 [0x000002295e0e45e0+0x0000000000000066]
J 14300 c2 ui.frmwork.b.d.dispatchEvent(Ljava/awt/AWTEvent;)V (34 bytes) @ 0x000002295e3939a8 [0x000002295e393580+0x0000000000000428]
J 20182 c2 java.awt.EventDispatchThread.pumpOneEventForFilters(I)V java.desktop@9.0.4 (218 bytes) @ 0x000002295f07d0e0 [0x000002295f07c420+0x0000000000000cc0]
J 20268% c2 java.awt.EventDispatchThread.pumpEventsForFilter(ILjava/awt/Conditional;Ljava/awt/EventFilter;)V java.desktop@9.0.4 (47 bytes) @ 0x000002295f0c0078 [0x000002295f0bff60+0x0000000000000118]
j  java.awt.EventDispatchThread.pumpEventsForHierarchy(ILjava/awt/Conditional;Ljava/awt/Component;)V+11 java.desktop@9.0.4
j  java.awt.EventDispatchThread.pumpEvents(ILjava/awt/Conditional;)V+4 java.desktop@9.0.4
j  java.awt.EventDispatchThread.pumpEvents(Ljava/awt/Conditional;)V+3 java.desktop@9.0.4
j  java.awt.EventDispatchThread.run()V+9 java.desktop@9.0.4
v  ~StubRoutines::call_stub

siginfo: EXCEPTION_ACCESS_VIOLATION (0xc0000005), data execution prevention violation at address 0x00007ffb6332db50


Register to memory mapping:

RIP=0x00007ffb6332db50 is an unknown value
RAX=0x00007ffb632d1610 is an unknown value
RBX=0x000000706c7f3f10 is pointing into the stack for thread: 0x000002296c439000
RCX=0x000002297ba877d0 is an unknown value
RDX=0x000002296fcecad0 is an unknown value
RSP=0x000000706c7f3da8 is pointing into the stack for thread: 0x000002296c439000
RBP=0x000000706c7f3ed0 is pointing into the stack for thread: 0x000002296c439000
RSI=0x000002296fcecad0 is an unknown value
RDI=0x000002297ba877d0 is an unknown value
R8 =0x000000706c7f3ed0 is pointing into the stack for thread: 0x000002296c439000
R9 =0x000000706c7f3f10 is pointing into the stack for thread: 0x000002296c439000
R10=0x000002296fcecae0 is an unknown value
R11=0xffb7fff7fdf7f7a7 is an unknown value
R12=0x0000000000000000 is an unknown value
R13=0x0000000000000000 is an unknown value
R14=0x000002296fcecad0 is an unknown value
R15=0x0000000000000001 is an unknown value


Registers:
RAX=0x00007ffb632d1610, RBX=0x000000706c7f3f10, RCX=0x000002297ba877d0, RDX=0x000002296fcecad0
RSP=0x000000706c7f3da8, RBP=0x000000706c7f3ed0, RSI=0x000002296fcecad0, RDI=0x000002297ba877d0
R8 =0x000000706c7f3ed0, R9 =0x000000706c7f3f10, R10=0x000002296fcecae0, R11=0xffb7fff7fdf7f7a7
R12=0x0000000000000000, R13=0x0000000000000000, R14=0x000002296fcecad0, R15=0x0000000000000001
RIP=0x00007ffb6332db50, EFLAGS=0x0000000000010202

Top of Stack: (sp=0x000000706c7f3da8)
0x000000706c7f3da8:   00007ffb62feefbc 0000000700000000
0x000000706c7f3db8:   000002293f60e580 0000000f00000008
0x000000706c7f3dc8:   000002293f600000 000002293f6002a4
0x000000706c7f3dd8:   000000706c7f3f10 000000706c7f3ed0
0x000000706c7f3de8:   000002296fcecad0 fffffffffffffffe
0x000000706c7f3df8:   0000000000000000 0000000000000000
0x000000706c7f3e08:   0000000000000010 0000000000000008
0x000000706c7f3e18:   0000000000000002 000002293f500000
0x000000706c7f3e28:   000000706c7f3ee9 0000000000000001
0x000000706c7f3e38:   00007ffbbd6db3c7 000002293f600000
0x000000706c7f3e48:   0000007000000007 0000000000000008
0x000000706c7f3e58:   0000000000000000 0000a6c3b5909dec
0x000000706c7f3e68:   00007ffbbd6db86b 0000000263480d48
0x000000706c7f3e78:   000000706c7f3fe8 00000229726baef0
0x000000706c7f3e88:   000000706c7f3f19 000000706c7f3fd0
0x000000706c7f3e98:   00007ffb62fe60a7 0000000000000000 

Instructions: (pc=0x00007ffb6332db50)
0x00007ffb6332db30:   00 00 00 00 ff ff ff ff 00 00 00 00 40 00 00 00
0x00007ffb6332db40:   00 db 46 00 00 00 00 00 00 00 00 00 00 00 00 00
0x00007ffb6332db50:   01 00 00 00 00 00 00 00 00 00 00 00 40 6d 5a 00
0x00007ffb6332db60:   78 db 46 00 50 db 46 00 00 00 00 00 00 00 00 00 



---------------  P R O C E S S  ---------------

Java Threads: ( => current thread )
  0x000002296e2c5000 JavaThread "Relaunch Simulation Thread" [_thread_blocked, id=12284, stack(0x000000706f800000,0x000000706fd00000)]
  0x000002296e2c3800 JavaThread "Image Fetcher 0" daemon [_thread_blocked, id=17056, stack(0x000000706f300000,0x000000706f800000)]
  0x000002296e2c6000 JavaThread "SyntheticaAnimation 50" daemon [_thread_blocked, id=8224, stack(0x000000706c800000,0x000000706cd00000)]
  0x000002296e2c3000 JavaThread "Update Runs Swing Worker Thread" [_thread_blocked, id=628, stack(0x000000706b400000,0x000000706b900000)]
  0x000002294d5c2800 JavaThread "hw_ila_monitor" [_thread_blocked, id=10836, stack(0x000000706ee00000,0x000000706f300000)]
  0x000002294d5c2000 JavaThread "Refresh Filesets Swing Worker Thread" [_thread_blocked, id=15612, stack(0x000000706e900000,0x000000706ee00000)]
  0x000002294d5c0800 JavaThread "SyntheticaAnimation 70" daemon [_thread_blocked, id=22284, stack(0x000000706e400000,0x000000706e900000)]
  0x000002294d5c3800 JavaThread "SyntheticaAnimation 25" daemon [_thread_blocked, id=21120, stack(0x000000706df00000,0x000000706e400000)]
  0x000002294d5c1000 JavaThread "SyntheticaAnimation 50" daemon [_thread_blocked, id=8852, stack(0x000000706da00000,0x000000706df00000)]
  0x000002294d5c4000 JavaThread "Monitor HEventQueue Thread" [_thread_blocked, id=20356, stack(0x000000706d500000,0x000000706da00000)]
  0x000002294d5c7000 JavaThread "SyntheticaCleanerThread" daemon [_thread_blocked, id=8848, stack(0x000000706cd00000,0x000000706d200000)]
  0x000002294d5c5800 JavaThread "Batik CleanerThread" daemon [_thread_blocked, id=20824, stack(0x000000706b900000,0x000000706be00000)]
=>0x000002296c439000 JavaThread "AWT-EventQueue-1" [_thread_in_native, id=14352, stack(0x000000706c300000,0x000000706c800000)]
  0x000002296c438000 JavaThread "Process Messages Thread" [_thread_blocked, id=15580, stack(0x000000706be00000,0x000000706c300000)]
  0x000002296d639000 JavaThread "Thread-1" [_thread_in_native, id=18784, stack(0x0000007064700000,0x0000007065b00000)]
  0x000002296d614000 JavaThread "TimerQueue" daemon [_thread_blocked, id=2028, stack(0x000000706af00000,0x000000706b400000)]
  0x00000229470c6800 JavaThread "AWT-Windows" daemon [_thread_in_native, id=10968, stack(0x000000706aa00000,0x000000706af00000)]
  0x0000022946ff5800 JavaThread "AWT-Shutdown" [_thread_blocked, id=18244, stack(0x000000706a500000,0x000000706aa00000)]
  0x0000022947103800 JavaThread "Java2D Disposer" daemon [_thread_blocked, id=12572, stack(0x000000706a000000,0x000000706a500000)]
  0x0000022946ad7000 JavaThread "Service Thread" daemon [_thread_blocked, id=21036, stack(0x0000007069a00000,0x0000007069f00000)]
  0x000002294d5e6800 JavaThread "Common-Cleaner" daemon [_thread_blocked, id=19620, stack(0x0000007069500000,0x0000007069a00000)]
  0x000002294d5c5000 JavaThread "Sweeper thread" daemon [_thread_blocked, id=3332, stack(0x0000007069000000,0x0000007069500000)]
  0x0000022946c62000 JavaThread "C1 CompilerThread3" daemon [_thread_blocked, id=20516, stack(0x0000007068f00000,0x0000007069000000)]
  0x0000022946c60000 JavaThread "C2 CompilerThread2" daemon [_thread_blocked, id=16800, stack(0x0000007068e00000,0x0000007068f00000)]
  0x0000022946c5e800 JavaThread "C2 CompilerThread1" daemon [_thread_blocked, id=22496, stack(0x0000007068d00000,0x0000007068e00000)]
  0x0000022946c5e000 JavaThread "C2 CompilerThread0" daemon [_thread_blocked, id=22236, stack(0x0000007068c00000,0x0000007068d00000)]
  0x0000022942192800 JavaThread "Attach Listener" daemon [_thread_blocked, id=3684, stack(0x0000007068700000,0x0000007068c00000)]
  0x0000022946c53000 JavaThread "Signal Dispatcher" daemon [_thread_blocked, id=12012, stack(0x0000007068200000,0x0000007068700000)]
  0x0000022946c50000 JavaThread "Finalizer" daemon [_thread_blocked, id=21836, stack(0x0000007067d00000,0x0000007068200000)]
  0x0000022946877800 JavaThread "Reference Handler" daemon [_thread_blocked, id=22276, stack(0x0000007067800000,0x0000007067d00000)]
  0x0000022944515800 JavaThread "main" [_thread_blocked, id=20964, stack(0x0000007064600000,0x0000007064700000)]

Other Threads:
  0x0000022946876800 VMThread "VM Thread" [stack: 0x0000007067700000,0x0000007067800000] [id=18700]
  0x000002294699d000 WatcherThread [stack: 0x0000007069f00000,0x000000706a000000] [id=10228]
  0x0000022944516000 GCTaskThread "GC Thread#0" [stack: 0x0000007065e00000,0x0000007065f00000] [id=15516]
  0x000002294ee4f000 GCTaskThread "GC Thread#1" [stack: 0x0000007065f00000,0x0000007066000000] [id=5300]
  0x000002294ee4e000 GCTaskThread "GC Thread#2" [stack: 0x0000007066000000,0x0000007066100000] [id=11688]
  0x000002294ee52000 GCTaskThread "GC Thread#3" [stack: 0x0000007066100000,0x0000007066200000] [id=10596]
  0x000002294ee4f800 GCTaskThread "GC Thread#4" [stack: 0x0000007066200000,0x0000007066300000] [id=13320]
  0x000002294ee50000 GCTaskThread "GC Thread#5" [stack: 0x0000007066300000,0x0000007066400000] [id=22128]
  0x000002294ee50800 GCTaskThread "GC Thread#6" [stack: 0x0000007066400000,0x0000007066500000] [id=3440]
  0x000002294ee51800 GCTaskThread "GC Thread#7" [stack: 0x0000007066500000,0x0000007066600000] [id=21384]
  0x000002294ee4d800 GCTaskThread "GC Thread#8" [stack: 0x0000007066600000,0x0000007066700000] [id=18972]
  0x000002294ee52800 GCTaskThread "GC Thread#9" [stack: 0x0000007066700000,0x0000007066800000] [id=21004]
  0x00000229467d9800 ConcurrentGCThread "G1 Main Marker" [stack: 0x0000007067300000,0x0000007067400000] [id=15504]
  0x000002294ee4d000 ConcurrentGCThread "G1 Marker#0" [stack: 0x0000007067400000,0x0000007067500000] [id=19992]
  0x000002294ee53000 ConcurrentGCThread "G1 Marker#1" [stack: 0x0000007067500000,0x0000007067600000] [id=7404]
  0x000002294ee4c800 ConcurrentGCThread "G1 Marker#2" [stack: 0x0000007067600000,0x0000007067700000] [id=12128]
  0x0000022947d05800 ConcurrentGCThread "G1 Refine#0" [stack: 0x0000007067100000,0x0000007067200000] [id=4560]
  0x0000022947d05000 ConcurrentGCThread "G1 Refine#1" [stack: 0x0000007067000000,0x0000007067100000] [id=12384]
  0x0000022947d04800 ConcurrentGCThread "G1 Refine#2" [stack: 0x0000007066f00000,0x0000007067000000] [id=14280]
  0x000002294df32800 ConcurrentGCThread "G1 Refine#3" [stack: 0x0000007066e00000,0x0000007066f00000] [id=19344]
  0x000002294e001000 ConcurrentGCThread "G1 Refine#4" [stack: 0x0000007066d00000,0x0000007066e00000] [id=21180]
  0x000002294e000800 ConcurrentGCThread "G1 Refine#5" [stack: 0x0000007066c00000,0x0000007066d00000] [id=14272]
  0x0000022946224800 ConcurrentGCThread "G1 Refine#6" [stack: 0x0000007066b00000,0x0000007066c00000] [id=7968]
  0x000002294d5f6800 ConcurrentGCThread "G1 Refine#7" [stack: 0x0000007066a00000,0x0000007066b00000] [id=4600]
  0x000002294eb51800 ConcurrentGCThread "G1 Refine#8" [stack: 0x0000007066900000,0x0000007066a00000] [id=10004]
  0x000002294f8b2000 ConcurrentGCThread "G1 Refine#9" [stack: 0x0000007066800000,0x0000007066900000] [id=3748]
  0x0000022943f2a000 ConcurrentGCThread "G1 Young RemSet Sampling" [stack: 0x0000007067200000,0x0000007067300000] [id=18960]

Threads with active compile tasks:

VM state:not at safepoint (normal execution)

VM Mutex/Monitor currently owned by a thread: None

Heap address: 0x0000000700000000, size: 3072 MB, Compressed Oops mode: Zero based, Oop shift amount: 3
Narrow klass base: 0x0000000000000000, Narrow klass shift: 3
Compressed class space size: 1073741824 Address: 0x00000007c0000000

Heap:
 garbage-first heap   total 220160K, used 110609K [0x0000000700000000, 0x00000007001006b8, 0x00000007c0000000)
  region size 1024K, 45 young (46080K), 1 survivors (1024K)
 Metaspace       used 81536K, capacity 83443K, committed 90032K, reserved 1126400K
  class space    used 10367K, capacity 10794K, committed 12208K, reserved 1048576K
Heap Regions: E=young(eden), S=young(survivor), O=old, HS=humongous(starts), HC=humongous(continues), CS=collection set, F=free, A=archive, TS=gc time stamp, AC=allocation context, TAMS=top-at-mark-start (previous, next)
|   0|0x0000000700000000, 0x00000007000fce88, 0x0000000700100000| 98%| O|  |TS  0|AC  0|TAMS 0x0000000700000000, 0x0000000700000000|
|   1|0x0000000700100000, 0x00000007001ffff0, 0x0000000700200000| 99%| O|  |TS  0|AC  0|TAMS 0x0000000700100000, 0x0000000700100000|
|   2|0x0000000700200000, 0x00000007002fe218, 0x0000000700300000| 99%| O|  |TS  0|AC  0|TAMS 0x0000000700200000, 0x0000000700200000|
|   3|0x0000000700300000, 0x00000007003fa6f0, 0x0000000700400000| 97%| O|  |TS  0|AC  0|TAMS 0x0000000700300000, 0x0000000700300000|
|   4|0x0000000700400000, 0x0000000700500000, 0x0000000700500000|100%|HS|  |TS  0|AC  0|TAMS 0x0000000700400000, 0x0000000700400000|
|   5|0x0000000700500000, 0x0000000700600000, 0x0000000700600000|100%|HC|  |TS  0|AC  0|TAMS 0x0000000700500000, 0x0000000700500000|
|   6|0x0000000700600000, 0x0000000700700000, 0x0000000700700000|100%|HS|  |TS  0|AC  0|TAMS 0x0000000700600000, 0x0000000700600000|
|   7|0x0000000700700000, 0x00000007007d6f20, 0x0000000700800000| 83%| O|  |TS  0|AC  0|TAMS 0x0000000700700000, 0x0000000700700000|
|   8|0x0000000700800000, 0x00000007008f4320, 0x0000000700900000| 95%| O|  |TS  0|AC  0|TAMS 0x0000000700800000, 0x0000000700800000|
|   9|0x0000000700900000, 0x00000007009ffff0, 0x0000000700a00000| 99%| O|  |TS  0|AC  0|TAMS 0x0000000700900000, 0x0000000700900000|
|  10|0x0000000700a00000, 0x0000000700affff0, 0x0000000700b00000| 99%| O|  |TS  0|AC  0|TAMS 0x0000000700a00000, 0x0000000700a00000|
|  11|0x0000000700b00000, 0x0000000700bffff0, 0x0000000700c00000| 99%| O|  |TS  0|AC  0|TAMS 0x0000000700b00000, 0x0000000700b00000|
|  12|0x0000000700c00000, 0x0000000700cf5848, 0x0000000700d00000| 95%| O|  |TS  0|AC  0|TAMS 0x0000000700c00000, 0x0000000700c00000|
|  13|0x0000000700d00000, 0x0000000700de73b8, 0x0000000700e00000| 90%| O|  |TS  0|AC  0|TAMS 0x0000000700d00000, 0x0000000700d00000|
|  14|0x0000000700e00000, 0x0000000700efbfa0, 0x0000000700f00000| 98%| O|  |TS  0|AC  0|TAMS 0x0000000700e00000, 0x0000000700e00000|
|  15|0x0000000700f00000, 0x0000000700ff91a0, 0x0000000701000000| 97%| O|  |TS  0|AC  0|TAMS 0x0000000700f00000, 0x0000000700f00000|
|  16|0x0000000701000000, 0x0000000701100000, 0x0000000701100000|100%| O|  |TS  0|AC  0|TAMS 0x0000000701000000, 0x0000000701000000|
|  17|0x0000000701100000, 0x00000007011fffe0, 0x0000000701200000| 99%| O|  |TS  0|AC  0|TAMS 0x0000000701100000, 0x0000000701100000|
|  18|0x0000000701200000, 0x0000000701300000, 0x0000000701300000|100%| O|  |TS  0|AC  0|TAMS 0x0000000701200000, 0x0000000701200000|
|  19|0x0000000701300000, 0x00000007013ffee0, 0x0000000701400000| 99%| O|  |TS  0|AC  0|TAMS 0x0000000701300000, 0x0000000701300000|
|  20|0x0000000701400000, 0x00000007014ffff8, 0x0000000701500000| 99%| O|  |TS  0|AC  0|TAMS 0x0000000701400000, 0x0000000701400000|
|  21|0x0000000701500000, 0x0000000701600000, 0x0000000701600000|100%|HS|  |TS  0|AC  0|TAMS 0x0000000701500000, 0x0000000701500000|
|  22|0x0000000701600000, 0x00000007016fffd8, 0x0000000701700000| 99%| O|  |TS  0|AC  0|TAMS 0x0000000701600000, 0x0000000701600000|
|  23|0x0000000701700000, 0x00000007017fffa0, 0x0000000701800000| 99%| O|  |TS  0|AC  0|TAMS 0x0000000701700000, 0x0000000701700000|
|  24|0x0000000701800000, 0x0000000701900000, 0x0000000701900000|100%| O|  |TS  0|AC  0|TAMS 0x0000000701800000, 0x0000000701800000|
|  25|0x0000000701900000, 0x00000007019ffff0, 0x0000000701a00000| 99%| O|  |TS  0|AC  0|TAMS 0x0000000701900000, 0x0000000701900000|
|  26|0x0000000701a00000, 0x0000000701b00000, 0x0000000701b00000|100%| O|  |TS  0|AC  0|TAMS 0x0000000701a00000, 0x0000000701a00000|
|  27|0x0000000701b00000, 0x0000000701bffff0, 0x0000000701c00000| 99%| O|  |TS  0|AC  0|TAMS 0x0000000701b00000, 0x0000000701b00000|
|  28|0x0000000701c00000, 0x0000000701cffff8, 0x0000000701d00000| 99%| O|  |TS  0|AC  0|TAMS 0x0000000701c00000, 0x0000000701c00000|
|  29|0x0000000701d00000, 0x0000000701e00000, 0x0000000701e00000|100%| O|  |TS  0|AC  0|TAMS 0x0000000701d00000, 0x0000000701d00000|
|  30|0x0000000701e00000, 0x0000000701f00000, 0x0000000701f00000|100%| O|  |TS  0|AC  0|TAMS 0x0000000701e00000, 0x0000000701e00000|
|  31|0x0000000701f00000, 0x0000000701ffffe8, 0x0000000702000000| 99%| O|  |TS  0|AC  0|TAMS 0x0000000701f00000, 0x0000000701f00000|
|  32|0x0000000702000000, 0x00000007020fffd0, 0x0000000702100000| 99%| O|  |TS  0|AC  0|TAMS 0x0000000702000000, 0x0000000702000000|
|  33|0x0000000702100000, 0x00000007021fde40, 0x0000000702200000| 99%| O|  |TS  0|AC  0|TAMS 0x0000000702100000, 0x0000000702100000|
|  34|0x0000000702200000, 0x00000007022fffb8, 0x0000000702300000| 99%| O|  |TS  0|AC  0|TAMS 0x0000000702200000, 0x0000000702200000|
|  35|0x0000000702300000, 0x00000007023fffd0, 0x0000000702400000| 99%| O|  |TS  0|AC  0|TAMS 0x0000000702300000, 0x0000000702300000|
|  36|0x0000000702400000, 0x00000007024fffd0, 0x0000000702500000| 99%| O|  |TS  0|AC  0|TAMS 0x0000000702400000, 0x0000000702400000|
|  37|0x0000000702500000, 0x00000007025fff70, 0x0000000702600000| 99%| O|  |TS  0|AC  0|TAMS 0x0000000702500000, 0x0000000702500000|
|  38|0x0000000702600000, 0x00000007026fffa8, 0x0000000702700000| 99%| O|  |TS  0|AC  0|TAMS 0x0000000702600000, 0x0000000702600000|
|  39|0x0000000702700000, 0x00000007027fffc8, 0x0000000702800000| 99%| O|  |TS  0|AC  0|TAMS 0x0000000702700000, 0x0000000702700000|
|  40|0x0000000702800000, 0x0000000702900000, 0x0000000702900000|100%| O|  |TS  0|AC  0|TAMS 0x0000000702800000, 0x0000000702800000|
|  41|0x0000000702900000, 0x00000007029ffeb0, 0x0000000702a00000| 99%| O|  |TS  0|AC  0|TAMS 0x0000000702900000, 0x0000000702900000|
|  42|0x0000000702a00000, 0x0000000702afffd8, 0x0000000702b00000| 99%| O|  |TS  0|AC  0|TAMS 0x0000000702a00000, 0x0000000702a00000|
|  43|0x0000000702b00000, 0x0000000702bfffc8, 0x0000000702c00000| 99%| O|  |TS  0|AC  0|TAMS 0x0000000702b00000, 0x0000000702b00000|
|  44|0x0000000702c00000, 0x0000000702ccafa0, 0x0000000702d00000| 79%| O|  |TS  0|AC  0|TAMS 0x0000000702c00000, 0x0000000702c00000|
|  45|0x0000000702d00000, 0x0000000702dfffd0, 0x0000000702e00000| 99%| O|  |TS  0|AC  0|TAMS 0x0000000702d00000, 0x0000000702d00000|
|  46|0x0000000702e00000, 0x0000000702efffd8, 0x0000000702f00000| 99%| O|  |TS  0|AC  0|TAMS 0x0000000702e00000, 0x0000000702e00000|
|  47|0x0000000702f00000, 0x0000000703000000, 0x0000000703000000|100%|HS|  |TS  0|AC  0|TAMS 0x0000000702f00000, 0x0000000702f00000|
|  48|0x0000000703000000, 0x0000000703100000, 0x0000000703100000|100%|HC|  |TS  0|AC  0|TAMS 0x0000000703000000, 0x0000000703000000|
|  49|0x0000000703100000, 0x0000000703200000, 0x0000000703200000|100%|HC|  |TS  0|AC  0|TAMS 0x0000000703100000, 0x0000000703100000|
|  50|0x0000000703200000, 0x0000000703300000, 0x0000000703300000|100%|HC|  |TS  0|AC  0|TAMS 0x0000000703200000, 0x0000000703200000|
|  51|0x0000000703300000, 0x0000000703400000, 0x0000000703400000|100%|HC|  |TS  0|AC  0|TAMS 0x0000000703300000, 0x0000000703300000|
|  52|0x0000000703400000, 0x0000000703500000, 0x0000000703500000|100%|HC|  |TS  0|AC  0|TAMS 0x0000000703400000, 0x0000000703400000|
|  53|0x0000000703500000, 0x0000000703600000, 0x0000000703600000|100%|HC|  |TS  0|AC  0|TAMS 0x0000000703500000, 0x0000000703500000|
|  54|0x0000000703600000, 0x0000000703700000, 0x0000000703700000|100%|HC|  |TS  0|AC  0|TAMS 0x0000000703600000, 0x0000000703600000|
|  55|0x0000000703700000, 0x00000007037fffe0, 0x0000000703800000| 99%| O|  |TS  0|AC  0|TAMS 0x0000000703700000, 0x0000000703700000|
|  56|0x0000000703800000, 0x0000000703900000, 0x0000000703900000|100%| O|  |TS  0|AC  0|TAMS 0x0000000703800000, 0x0000000703800000|
|  57|0x0000000703900000, 0x00000007039ffff8, 0x0000000703a00000| 99%| O|  |TS  0|AC  0|TAMS 0x0000000703900000, 0x0000000703900000|
|  58|0x0000000703a00000, 0x0000000703afff40, 0x0000000703b00000| 99%| O|  |TS  0|AC  0|TAMS 0x0000000703a00000, 0x0000000703a00000|
|  59|0x0000000703b00000, 0x0000000703c00000, 0x0000000703c00000|100%| O|  |TS  0|AC  0|TAMS 0x0000000703b00000, 0x0000000703b00000|
|  60|0x0000000703c00000, 0x0000000703cffe18, 0x0000000703d00000| 99%| O|  |TS  0|AC  0|TAMS 0x0000000703c00000, 0x0000000703c00000|
|  61|0x0000000703d00000, 0x0000000703d00000, 0x0000000703e00000|  0%| F|  |TS  0|AC  0|TAMS 0x0000000703d00000, 0x0000000703d00000|
|  62|0x0000000703e00000, 0x0000000703e00000, 0x0000000703f00000|  0%| F|  |TS  0|AC  0|TAMS 0x0000000703e00000, 0x0000000703e00000|
|  63|0x0000000703f00000, 0x0000000704000000, 0x0000000704000000|100%|HS|  |TS  0|AC  0|TAMS 0x0000000703f00000, 0x0000000703f00000|
|  64|0x0000000704000000, 0x0000000704000000, 0x0000000704100000|  0%| F|  |TS  0|AC  0|TAMS 0x0000000704000000, 0x0000000704000000|
|  65|0x0000000704100000, 0x0000000704200000, 0x0000000704200000|100%|HS|  |TS  0|AC  0|TAMS 0x0000000704100000, 0x0000000704100000|
|  66|0x0000000704200000, 0x0000000704300000, 0x0000000704300000|100%|HC|  |TS  0|AC  0|TAMS 0x0000000704200000, 0x0000000704200000|
|  67|0x0000000704300000, 0x0000000704400000, 0x0000000704400000|100%|HS|  |TS  0|AC  0|TAMS 0x0000000704300000, 0x0000000704300000|
|  68|0x0000000704400000, 0x0000000704400000, 0x0000000704500000|  0%| F|  |TS  0|AC  0|TAMS 0x0000000704400000, 0x0000000704400000|
|  69|0x0000000704500000, 0x0000000704500000, 0x0000000704600000|  0%| F|  |TS  0|AC  0|TAMS 0x0000000704500000, 0x0000000704500000|
|  70|0x0000000704600000, 0x0000000704600000, 0x0000000704700000|  0%| F|  |TS  0|AC  0|TAMS 0x0000000704600000, 0x0000000704600000|
|  71|0x0000000704700000, 0x0000000704700000, 0x0000000704800000|  0%| F|  |TS  0|AC  0|TAMS 0x0000000704700000, 0x0000000704700000|
|  72|0x0000000704800000, 0x0000000704800000, 0x0000000704900000|  0%| F|  |TS  0|AC  0|TAMS 0x0000000704800000, 0x0000000704800000|
|  73|0x0000000704900000, 0x0000000704900000, 0x0000000704a00000|  0%| F|  |TS  0|AC  0|TAMS 0x0000000704900000, 0x0000000704900000|
|  74|0x0000000704a00000, 0x0000000704a00000, 0x0000000704b00000|  0%| F|  |TS  0|AC  0|TAMS 0x0000000704a00000, 0x0000000704a00000|
|  75|0x0000000704b00000, 0x0000000704b00000, 0x0000000704c00000|  0%| F|  |TS  0|AC  0|TAMS 0x0000000704b00000, 0x0000000704b00000|
|  76|0x0000000704c00000, 0x0000000704c00000, 0x0000000704d00000|  0%| F|  |TS  0|AC  0|TAMS 0x0000000704c00000, 0x0000000704c00000|
|  77|0x0000000704d00000, 0x0000000704d00000, 0x0000000704e00000|  0%| F|  |TS  0|AC  0|TAMS 0x0000000704d00000, 0x0000000704d00000|
|  78|0x0000000704e00000, 0x0000000704e00000, 0x0000000704f00000|  0%| F|  |TS  0|AC  0|TAMS 0x0000000704e00000, 0x0000000704e00000|
|  79|0x0000000704f00000, 0x0000000704f00000, 0x0000000705000000|  0%| F|  |TS  0|AC  0|TAMS 0x0000000704f00000, 0x0000000704f00000|
|  80|0x0000000705000000, 0x0000000705000000, 0x0000000705100000|  0%| F|  |TS  0|AC  0|TAMS 0x0000000705000000, 0x0000000705000000|
|  81|0x0000000705100000, 0x0000000705100000, 0x0000000705200000|  0%| F|  |TS  0|AC  0|TAMS 0x0000000705100000, 0x0000000705100000|
|  82|0x0000000705200000, 0x0000000705200000, 0x0000000705300000|  0%| F|  |TS  0|AC  0|TAMS 0x0000000705200000, 0x0000000705200000|
|  83|0x0000000705300000, 0x0000000705300000, 0x0000000705400000|  0%| F|  |TS  0|AC  0|TAMS 0x0000000705300000, 0x0000000705300000|
|  84|0x0000000705400000, 0x0000000705400000, 0x0000000705500000|  0%| F|  |TS  0|AC  0|TAMS 0x0000000705400000, 0x0000000705400000|
|  85|0x0000000705500000, 0x0000000705500000, 0x0000000705600000|  0%| F|  |TS  0|AC  0|TAMS 0x0000000705500000, 0x0000000705500000|
|  86|0x0000000705600000, 0x0000000705600000, 0x0000000705700000|  0%| F|  |TS  0|AC  0|TAMS 0x0000000705600000, 0x0000000705600000|
|  87|0x0000000705700000, 0x0000000705700000, 0x0000000705800000|  0%| F|  |TS  0|AC  0|TAMS 0x0000000705700000, 0x0000000705700000|
|  88|0x0000000705800000, 0x0000000705800000, 0x0000000705900000|  0%| F|  |TS  0|AC  0|TAMS 0x0000000705800000, 0x0000000705800000|
|  89|0x0000000705900000, 0x0000000705900000, 0x0000000705a00000|  0%| F|  |TS  0|AC  0|TAMS 0x0000000705900000, 0x0000000705900000|
|  90|0x0000000705a00000, 0x0000000705a00000, 0x0000000705b00000|  0%| F|  |TS  0|AC  0|TAMS 0x0000000705a00000, 0x0000000705a00000|
|  91|0x0000000705b00000, 0x0000000705b00000, 0x0000000705c00000|  0%| F|  |TS  0|AC  0|TAMS 0x0000000705b00000, 0x0000000705b00000|
|  92|0x0000000705c00000, 0x0000000705c00000, 0x0000000705d00000|  0%| F|  |TS  0|AC  0|TAMS 0x0000000705c00000, 0x0000000705c00000|
|  93|0x0000000705d00000, 0x0000000705d00000, 0x0000000705e00000|  0%| F|  |TS  0|AC  0|TAMS 0x0000000705d00000, 0x0000000705d00000|
|  94|0x0000000705e00000, 0x0000000705e00000, 0x0000000705f00000|  0%| F|  |TS  0|AC  0|TAMS 0x0000000705e00000, 0x0000000705e00000|
|  95|0x0000000705f00000, 0x0000000705f00000, 0x0000000706000000|  0%| F|  |TS  0|AC  0|TAMS 0x0000000705f00000, 0x0000000705f00000|
|  96|0x0000000706000000, 0x0000000706000000, 0x0000000706100000|  0%| F|  |TS  0|AC  0|TAMS 0x0000000706000000, 0x0000000706000000|
|  97|0x0000000706100000, 0x0000000706100000, 0x0000000706200000|  0%| F|  |TS  0|AC  0|TAMS 0x0000000706100000, 0x0000000706100000|
|  98|0x0000000706200000, 0x0000000706200000, 0x0000000706300000|  0%| F|  |TS  0|AC  0|TAMS 0x0000000706200000, 0x0000000706200000|
|  99|0x0000000706300000, 0x0000000706300000, 0x0000000706400000|  0%| F|  |TS  0|AC  0|TAMS 0x0000000706300000, 0x0000000706300000|
| 100|0x0000000706400000, 0x0000000706400000, 0x0000000706500000|  0%| F|  |TS  0|AC  0|TAMS 0x0000000706400000, 0x0000000706400000|
| 101|0x0000000706500000, 0x0000000706500000, 0x0000000706600000|  0%| F|  |TS  0|AC  0|TAMS 0x0000000706500000, 0x0000000706500000|
| 102|0x0000000706600000, 0x0000000706600000, 0x0000000706700000|  0%| F|  |TS  0|AC  0|TAMS 0x0000000706600000, 0x0000000706600000|
| 103|0x0000000706700000, 0x0000000706700000, 0x0000000706800000|  0%| F|  |TS  0|AC  0|TAMS 0x0000000706700000, 0x0000000706700000|
| 104|0x0000000706800000, 0x0000000706800000, 0x0000000706900000|  0%| F|  |TS  0|AC  0|TAMS 0x0000000706800000, 0x0000000706800000|
| 105|0x0000000706900000, 0x0000000706900000, 0x0000000706a00000|  0%| F|  |TS  0|AC  0|TAMS 0x0000000706900000, 0x0000000706900000|
| 106|0x0000000706a00000, 0x0000000706a00000, 0x0000000706b00000|  0%| F|  |TS  0|AC  0|TAMS 0x0000000706a00000, 0x0000000706a00000|
| 107|0x0000000706b00000, 0x0000000706b00000, 0x0000000706c00000|  0%| F|  |TS  0|AC  0|TAMS 0x0000000706b00000, 0x0000000706b00000|
| 108|0x0000000706c00000, 0x0000000706c00000, 0x0000000706d00000|  0%| F|  |TS  0|AC  0|TAMS 0x0000000706c00000, 0x0000000706c00000|
| 109|0x0000000706d00000, 0x0000000706d00000, 0x0000000706e00000|  0%| F|  |TS  0|AC  0|TAMS 0x0000000706d00000, 0x0000000706d00000|
| 110|0x0000000706e00000, 0x0000000706e00000, 0x0000000706f00000|  0%| F|  |TS  0|AC  0|TAMS 0x0000000706e00000, 0x0000000706e00000|
| 111|0x0000000706f00000, 0x0000000706f00000, 0x0000000707000000|  0%| F|  |TS  0|AC  0|TAMS 0x0000000706f00000, 0x0000000706f00000|
| 112|0x0000000707000000, 0x0000000707000000, 0x0000000707100000|  0%| F|  |TS  0|AC  0|TAMS 0x0000000707000000, 0x0000000707000000|
| 113|0x0000000707100000, 0x0000000707100000, 0x0000000707200000|  0%| F|  |TS  0|AC  0|TAMS 0x0000000707100000, 0x0000000707100000|
| 114|0x0000000707200000, 0x0000000707200000, 0x0000000707300000|  0%| F|  |TS  0|AC  0|TAMS 0x0000000707200000, 0x0000000707200000|
| 115|0x0000000707300000, 0x0000000707300000, 0x0000000707400000|  0%| F|  |TS  0|AC  0|TAMS 0x0000000707300000, 0x0000000707300000|
| 116|0x0000000707400000, 0x0000000707400000, 0x0000000707500000|  0%| F|  |TS  0|AC  0|TAMS 0x0000000707400000, 0x0000000707400000|
| 117|0x0000000707500000, 0x0000000707500000, 0x0000000707600000|  0%| F|  |TS  0|AC  0|TAMS 0x0000000707500000, 0x0000000707500000|
| 118|0x0000000707600000, 0x0000000707600000, 0x0000000707700000|  0%| F|  |TS  0|AC  0|TAMS 0x0000000707600000, 0x0000000707600000|
| 119|0x0000000707700000, 0x0000000707700000, 0x0000000707800000|  0%| F|  |TS  0|AC  0|TAMS 0x0000000707700000, 0x0000000707700000|
| 120|0x0000000707800000, 0x0000000707800000, 0x0000000707900000|  0%| F|  |TS  0|AC  0|TAMS 0x0000000707800000, 0x0000000707800000|
| 121|0x0000000707900000, 0x0000000707900000, 0x0000000707a00000|  0%| F|  |TS  0|AC  0|TAMS 0x0000000707900000, 0x0000000707900000|
| 122|0x0000000707a00000, 0x0000000707a00000, 0x0000000707b00000|  0%| F|  |TS  0|AC  0|TAMS 0x0000000707a00000, 0x0000000707a00000|
| 123|0x0000000707b00000, 0x0000000707b00000, 0x0000000707c00000|  0%| F|  |TS  0|AC  0|TAMS 0x0000000707b00000, 0x0000000707b00000|
| 124|0x0000000707c00000, 0x0000000707c00000, 0x0000000707d00000|  0%| F|  |TS  0|AC  0|TAMS 0x0000000707c00000, 0x0000000707c00000|
| 125|0x0000000707d00000, 0x0000000707d00000, 0x0000000707e00000|  0%| F|  |TS  0|AC  0|TAMS 0x0000000707d00000, 0x0000000707d00000|
| 126|0x0000000707e00000, 0x0000000707e00000, 0x0000000707f00000|  0%| F|  |TS  0|AC  0|TAMS 0x0000000707e00000, 0x0000000707e00000|
| 127|0x0000000707f00000, 0x0000000707f00000, 0x0000000708000000|  0%| F|  |TS  0|AC  0|TAMS 0x0000000707f00000, 0x0000000707f00000|
| 128|0x0000000708000000, 0x0000000708000000, 0x0000000708100000|  0%| F|  |TS  0|AC  0|TAMS 0x0000000708000000, 0x0000000708000000|
| 129|0x0000000708100000, 0x0000000708100000, 0x0000000708200000|  0%| F|  |TS  0|AC  0|TAMS 0x0000000708100000, 0x0000000708100000|
| 130|0x0000000708200000, 0x0000000708200000, 0x0000000708300000|  0%| F|  |TS  0|AC  0|TAMS 0x0000000708200000, 0x0000000708200000|
| 131|0x0000000708300000, 0x0000000708300000, 0x0000000708400000|  0%| F|  |TS  0|AC  0|TAMS 0x0000000708300000, 0x0000000708300000|
| 132|0x0000000708400000, 0x0000000708400000, 0x0000000708500000|  0%| F|  |TS  0|AC  0|TAMS 0x0000000708400000, 0x0000000708400000|
| 133|0x0000000708500000, 0x0000000708500000, 0x0000000708600000|  0%| F|  |TS  0|AC  0|TAMS 0x0000000708500000, 0x0000000708500000|
| 134|0x0000000708600000, 0x0000000708600000, 0x0000000708700000|  0%| F|  |TS  0|AC  0|TAMS 0x0000000708600000, 0x0000000708600000|
| 135|0x0000000708700000, 0x0000000708700000, 0x0000000708800000|  0%| F|  |TS  0|AC  0|TAMS 0x0000000708700000, 0x0000000708700000|
| 136|0x0000000708800000, 0x0000000708800000, 0x0000000708900000|  0%| F|  |TS  0|AC  0|TAMS 0x0000000708800000, 0x0000000708800000|
| 137|0x0000000708900000, 0x0000000708900000, 0x0000000708a00000|  0%| F|  |TS  0|AC  0|TAMS 0x0000000708900000, 0x0000000708900000|
| 138|0x0000000708a00000, 0x0000000708a00000, 0x0000000708b00000|  0%| F|  |TS  0|AC  0|TAMS 0x0000000708a00000, 0x0000000708a00000|
| 139|0x0000000708b00000, 0x0000000708b00000, 0x0000000708c00000|  0%| F|  |TS  0|AC  0|TAMS 0x0000000708b00000, 0x0000000708b00000|
| 140|0x0000000708c00000, 0x0000000708c00000, 0x0000000708d00000|  0%| F|  |TS  0|AC  0|TAMS 0x0000000708c00000, 0x0000000708c00000|
| 141|0x0000000708d00000, 0x0000000708d00000, 0x0000000708e00000|  0%| F|  |TS  0|AC  0|TAMS 0x0000000708d00000, 0x0000000708d00000|
| 142|0x0000000708e00000, 0x0000000708e00000, 0x0000000708f00000|  0%| F|  |TS  0|AC  0|TAMS 0x0000000708e00000, 0x0000000708e00000|
| 143|0x0000000708f00000, 0x0000000708f00000, 0x0000000709000000|  0%| F|  |TS  0|AC  0|TAMS 0x0000000708f00000, 0x0000000708f00000|
| 144|0x0000000709000000, 0x0000000709000000, 0x0000000709100000|  0%| F|  |TS  0|AC  0|TAMS 0x0000000709000000, 0x0000000709000000|
| 145|0x0000000709100000, 0x0000000709100000, 0x0000000709200000|  0%| F|  |TS  0|AC  0|TAMS 0x0000000709100000, 0x0000000709100000|
| 146|0x0000000709200000, 0x0000000709200000, 0x0000000709300000|  0%| F|  |TS  0|AC  0|TAMS 0x0000000709200000, 0x0000000709200000|
| 147|0x0000000709300000, 0x0000000709300000, 0x0000000709400000|  0%| F|  |TS  0|AC  0|TAMS 0x0000000709300000, 0x0000000709300000|
| 148|0x0000000709400000, 0x0000000709400000, 0x0000000709500000|  0%| F|  |TS  0|AC  0|TAMS 0x0000000709400000, 0x0000000709400000|
| 149|0x0000000709500000, 0x0000000709500000, 0x0000000709600000|  0%| F|  |TS  0|AC  0|TAMS 0x0000000709500000, 0x0000000709500000|
| 150|0x0000000709600000, 0x0000000709600000, 0x0000000709700000|  0%| F|  |TS  0|AC  0|TAMS 0x0000000709600000, 0x0000000709600000|
| 151|0x0000000709700000, 0x0000000709700000, 0x0000000709800000|  0%| F|  |TS  0|AC  0|TAMS 0x0000000709700000, 0x0000000709700000|
| 152|0x0000000709800000, 0x0000000709800000, 0x0000000709900000|  0%| F|  |TS  0|AC  0|TAMS 0x0000000709800000, 0x0000000709800000|
| 153|0x0000000709900000, 0x0000000709900000, 0x0000000709a00000|  0%| F|  |TS  0|AC  0|TAMS 0x0000000709900000, 0x0000000709900000|
| 154|0x0000000709a00000, 0x0000000709a00000, 0x0000000709b00000|  0%| F|  |TS 15|AC  0|TAMS 0x0000000709a00000, 0x0000000709a00000|
| 155|0x0000000709b00000, 0x0000000709ba9b48, 0x0000000709c00000| 66%| S|CS|TS 15|AC  0|TAMS 0x0000000709b00000, 0x0000000709b00000|
| 156|0x0000000709c00000, 0x0000000709c00000, 0x0000000709d00000|  0%| F|  |TS 15|AC  0|TAMS 0x0000000709c00000, 0x0000000709c00000|
| 157|0x0000000709d00000, 0x0000000709d00000, 0x0000000709e00000|  0%| F|  |TS 15|AC  0|TAMS 0x0000000709d00000, 0x0000000709d00000|
| 158|0x0000000709e00000, 0x0000000709e00000, 0x0000000709f00000|  0%| F|  |TS 15|AC  0|TAMS 0x0000000709e00000, 0x0000000709e00000|
| 159|0x0000000709f00000, 0x0000000709f00000, 0x000000070a000000|  0%| F|  |TS 15|AC  0|TAMS 0x0000000709f00000, 0x0000000709f00000|
| 160|0x000000070a000000, 0x000000070a000000, 0x000000070a100000|  0%| F|  |TS 15|AC  0|TAMS 0x000000070a000000, 0x000000070a000000|
| 161|0x000000070a100000, 0x000000070a100000, 0x000000070a200000|  0%| F|  |TS 15|AC  0|TAMS 0x000000070a100000, 0x000000070a100000|
| 162|0x000000070a200000, 0x000000070a200000, 0x000000070a300000|  0%| F|  |TS 15|AC  0|TAMS 0x000000070a200000, 0x000000070a200000|
| 163|0x000000070a300000, 0x000000070a300000, 0x000000070a400000|  0%| F|  |TS 15|AC  0|TAMS 0x000000070a300000, 0x000000070a300000|
| 164|0x000000070a400000, 0x000000070a400000, 0x000000070a500000|  0%| F|  |TS 15|AC  0|TAMS 0x000000070a400000, 0x000000070a400000|
| 165|0x000000070a500000, 0x000000070a500000, 0x000000070a600000|  0%| F|  |TS 15|AC  0|TAMS 0x000000070a500000, 0x000000070a500000|
| 166|0x000000070a600000, 0x000000070a600000, 0x000000070a700000|  0%| F|  |TS 15|AC  0|TAMS 0x000000070a600000, 0x000000070a600000|
| 167|0x000000070a700000, 0x000000070a700000, 0x000000070a800000|  0%| F|  |TS 15|AC  0|TAMS 0x000000070a700000, 0x000000070a700000|
| 168|0x000000070a800000, 0x000000070a800000, 0x000000070a900000|  0%| F|  |TS 15|AC  0|TAMS 0x000000070a800000, 0x000000070a800000|
| 169|0x000000070a900000, 0x000000070a900000, 0x000000070aa00000|  0%| F|  |TS 15|AC  0|TAMS 0x000000070a900000, 0x000000070a900000|
| 170|0x000000070aa00000, 0x000000070aa00000, 0x000000070ab00000|  0%| F|  |TS 15|AC  0|TAMS 0x000000070aa00000, 0x000000070aa00000|
| 171|0x000000070ab00000, 0x000000070ab299b0, 0x000000070ac00000| 16%| E|  |TS 15|AC  0|TAMS 0x000000070ab00000, 0x000000070ab00000|
| 172|0x000000070ac00000, 0x000000070ad00000, 0x000000070ad00000|100%| E|CS|TS 15|AC  0|TAMS 0x000000070ac00000, 0x000000070ac00000|
| 173|0x000000070ad00000, 0x000000070ae00000, 0x000000070ae00000|100%| E|CS|TS 15|AC  0|TAMS 0x000000070ad00000, 0x000000070ad00000|
| 174|0x000000070ae00000, 0x000000070af00000, 0x000000070af00000|100%| E|CS|TS 15|AC  0|TAMS 0x000000070ae00000, 0x000000070ae00000|
| 175|0x000000070af00000, 0x000000070b000000, 0x000000070b000000|100%| E|CS|TS 15|AC  0|TAMS 0x000000070af00000, 0x000000070af00000|
| 176|0x000000070b000000, 0x000000070b100000, 0x000000070b100000|100%| E|CS|TS 15|AC  0|TAMS 0x000000070b000000, 0x000000070b000000|
| 177|0x000000070b100000, 0x000000070b200000, 0x000000070b200000|100%| E|CS|TS 15|AC  0|TAMS 0x000000070b100000, 0x000000070b100000|
| 178|0x000000070b200000, 0x000000070b300000, 0x000000070b300000|100%| E|CS|TS 15|AC  0|TAMS 0x000000070b200000, 0x000000070b200000|
| 179|0x000000070b300000, 0x000000070b400000, 0x000000070b400000|100%| E|CS|TS 15|AC  0|TAMS 0x000000070b300000, 0x000000070b300000|
| 180|0x000000070b400000, 0x000000070b500000, 0x000000070b500000|100%| E|CS|TS 15|AC  0|TAMS 0x000000070b400000, 0x000000070b400000|
| 181|0x000000070b500000, 0x000000070b600000, 0x000000070b600000|100%| E|CS|TS 15|AC  0|TAMS 0x000000070b500000, 0x000000070b500000|
| 182|0x000000070b600000, 0x000000070b700000, 0x000000070b700000|100%| E|CS|TS 15|AC  0|TAMS 0x000000070b600000, 0x000000070b600000|
| 183|0x000000070b700000, 0x000000070b800000, 0x000000070b800000|100%| E|CS|TS 15|AC  0|TAMS 0x000000070b700000, 0x000000070b700000|
| 184|0x000000070b800000, 0x000000070b900000, 0x000000070b900000|100%| E|CS|TS 15|AC  0|TAMS 0x000000070b800000, 0x000000070b800000|
| 185|0x000000070b900000, 0x000000070ba00000, 0x000000070ba00000|100%| E|CS|TS 15|AC  0|TAMS 0x000000070b900000, 0x000000070b900000|
| 186|0x000000070ba00000, 0x000000070bb00000, 0x000000070bb00000|100%| E|CS|TS 15|AC  0|TAMS 0x000000070ba00000, 0x000000070ba00000|
| 187|0x000000070bb00000, 0x000000070bc00000, 0x000000070bc00000|100%| E|CS|TS 15|AC  0|TAMS 0x000000070bb00000, 0x000000070bb00000|
| 188|0x000000070bc00000, 0x000000070bd00000, 0x000000070bd00000|100%| E|CS|TS 15|AC  0|TAMS 0x000000070bc00000, 0x000000070bc00000|
| 189|0x000000070bd00000, 0x000000070be00000, 0x000000070be00000|100%| E|CS|TS 15|AC  0|TAMS 0x000000070bd00000, 0x000000070bd00000|
| 190|0x000000070be00000, 0x000000070bf00000, 0x000000070bf00000|100%| E|CS|TS 15|AC  0|TAMS 0x000000070be00000, 0x000000070be00000|
| 191|0x000000070bf00000, 0x000000070c000000, 0x000000070c000000|100%| E|CS|TS 15|AC  0|TAMS 0x000000070bf00000, 0x000000070bf00000|
| 192|0x000000070c000000, 0x000000070c100000, 0x000000070c100000|100%| E|CS|TS 15|AC  0|TAMS 0x000000070c000000, 0x000000070c000000|
| 193|0x000000070c100000, 0x000000070c200000, 0x000000070c200000|100%| E|CS|TS 15|AC  0|TAMS 0x000000070c100000, 0x000000070c100000|
| 194|0x000000070c200000, 0x000000070c300000, 0x000000070c300000|100%| E|CS|TS 15|AC  0|TAMS 0x000000070c200000, 0x000000070c200000|
| 195|0x000000070c300000, 0x000000070c400000, 0x000000070c400000|100%| E|CS|TS 15|AC  0|TAMS 0x000000070c300000, 0x000000070c300000|
| 196|0x000000070c400000, 0x000000070c500000, 0x000000070c500000|100%| E|CS|TS 15|AC  0|TAMS 0x000000070c400000, 0x000000070c400000|
| 197|0x000000070c500000, 0x000000070c600000, 0x000000070c600000|100%| E|CS|TS 15|AC  0|TAMS 0x000000070c500000, 0x000000070c500000|
| 198|0x000000070c600000, 0x000000070c700000, 0x000000070c700000|100%| E|CS|TS 15|AC  0|TAMS 0x000000070c600000, 0x000000070c600000|
| 199|0x000000070c700000, 0x000000070c800000, 0x000000070c800000|100%| E|CS|TS 15|AC  0|TAMS 0x000000070c700000, 0x000000070c700000|
| 200|0x000000070c800000, 0x000000070c900000, 0x000000070c900000|100%| E|CS|TS 15|AC  0|TAMS 0x000000070c800000, 0x000000070c800000|
| 201|0x000000070c900000, 0x000000070ca00000, 0x000000070ca00000|100%| E|CS|TS 15|AC  0|TAMS 0x000000070c900000, 0x000000070c900000|
| 202|0x000000070ca00000, 0x000000070cb00000, 0x000000070cb00000|100%| E|CS|TS 15|AC  0|TAMS 0x000000070ca00000, 0x000000070ca00000|
| 203|0x000000070cb00000, 0x000000070cc00000, 0x000000070cc00000|100%| E|CS|TS 15|AC  0|TAMS 0x000000070cb00000, 0x000000070cb00000|
| 204|0x000000070cc00000, 0x000000070cd00000, 0x000000070cd00000|100%| E|CS|TS 15|AC  0|TAMS 0x000000070cc00000, 0x000000070cc00000|
| 205|0x000000070cd00000, 0x000000070ce00000, 0x000000070ce00000|100%| E|CS|TS 15|AC  0|TAMS 0x000000070cd00000, 0x000000070cd00000|
| 206|0x000000070ce00000, 0x000000070cf00000, 0x000000070cf00000|100%| E|CS|TS 15|AC  0|TAMS 0x000000070ce00000, 0x000000070ce00000|
| 207|0x000000070cf00000, 0x000000070d000000, 0x000000070d000000|100%| E|CS|TS 15|AC  0|TAMS 0x000000070cf00000, 0x000000070cf00000|
| 208|0x000000070d000000, 0x000000070d100000, 0x000000070d100000|100%| E|CS|TS 15|AC  0|TAMS 0x000000070d000000, 0x000000070d000000|
| 209|0x000000070d100000, 0x000000070d200000, 0x000000070d200000|100%| E|CS|TS 15|AC  0|TAMS 0x000000070d100000, 0x000000070d100000|
| 210|0x000000070d200000, 0x000000070d300000, 0x000000070d300000|100%| E|CS|TS 15|AC  0|TAMS 0x000000070d200000, 0x000000070d200000|
| 211|0x000000070d300000, 0x000000070d400000, 0x000000070d400000|100%| E|CS|TS 15|AC  0|TAMS 0x000000070d300000, 0x000000070d300000|
| 212|0x000000070d400000, 0x000000070d500000, 0x000000070d500000|100%| E|CS|TS 15|AC  0|TAMS 0x000000070d400000, 0x000000070d400000|
| 213|0x000000070d500000, 0x000000070d600000, 0x000000070d600000|100%| E|CS|TS 15|AC  0|TAMS 0x000000070d500000, 0x000000070d500000|
| 214|0x000000070d600000, 0x000000070d700000, 0x000000070d700000|100%| E|CS|TS 15|AC  0|TAMS 0x000000070d600000, 0x000000070d600000|

Card table byte_map: [0x0000022949a60000,0x000002294a060000] byte_map_base: 0x0000022946260000

Marking Bits (Prev, Next): (CMBitMap*) 0x00000229467d8fa0, (CMBitMap*) 0x00000229467d8fd8
 Prev Bits: [0x0000022965400000, 0x0000022968400000)
 Next Bits: [0x0000022968400000, 0x000002296b400000)

Polling page: 0x00000229410b0000

CodeHeap 'non-profiled nmethods': size=120000Kb used=24443Kb max_used=24443Kb free=95557Kb
 bounds [0x000002295ded0000, 0x000002295f6c0000, 0x0000022965400000]
CodeHeap 'profiled nmethods': size=120000Kb used=40694Kb max_used=42310Kb free=79306Kb
 bounds [0x00000229569a0000, 0x0000022959340000, 0x000002295ded0000]
CodeHeap 'non-nmethods': size=5760Kb used=1779Kb max_used=1824Kb free=3980Kb
 bounds [0x0000022956400000, 0x0000022956670000, 0x00000229569a0000]
 total_blobs=36438 nmethods=18209 adapters=1105
 compilation: enabled

Compilation events (10 events):
Event: 9976.697 Thread 0x0000022946c5e000 24672       4       javax.swing.DefaultListCellRenderer::getNoFocusBorder (52 bytes)
Event: 9976.699 Thread 0x0000022946c5e000 nmethod 24672 0x000002295f6af390 code [0x000002295f6af580, 0x000002295f6afbe8]
Event: 9976.711 Thread 0x0000022946c60000 24673       4       ui.views.c.cs::ej (13 bytes)
Event: 9976.711 Thread 0x0000022946c60000 nmethod 24673 0x000002295ef79f10 code [0x000002295ef7a0a0, 0x000002295ef7a118]
Event: 9976.712 Thread 0x0000022946c5e800 24674       4       ui.views.S.b.j::w (72 bytes)
Event: 9976.737 Thread 0x0000022946c5e800 nmethod 24674 0x000002295f6aff10 code [0x000002295f6b0180, 0x000002295f6b1750]
Event: 9976.819 Thread 0x0000022946c5e000 24675       4       ui.utils.p.x.i::processMouseMotionEvent (84 bytes)
Event: 9976.831 Thread 0x0000022946c5e000 nmethod 24675 0x000002295f6b2390 code [0x000002295f6b2620, 0x000002295f6b33d0]
Event: 9976.979 Thread 0x0000022946c60000 24676       4       javax.swing.tree.VariableHeightLayoutCache::getVisiblePathsFrom (24 bytes)
Event: 9976.982 Thread 0x0000022946c60000 nmethod 24676 0x000002295f6b4110 code [0x000002295f6b42c0, 0x000002295f6b4668]

GC Heap History (10 events):
Event: 9965.839 GC heap before
{Heap before GC invocations=1035 (full 476):
 garbage-first heap   total 220160K, used 126948K [0x0000000700000000, 0x00000007001006b8, 0x00000007c0000000)
  region size 1024K, 60 young (61440K), 1 survivors (1024K)
 Metaspace       used 81514K, capacity 83443K, committed 90032K, reserved 1126400K
  class space    used 10367K, capacity 10794K, committed 12208K, reserved 1048576K
}
Event: 9965.841 GC heap after
{Heap after GC invocations=1036 (full 476):
 garbage-first heap   total 220160K, used 66635K [0x0000000700000000, 0x00000007001006b8, 0x00000007c0000000)
  region size 1024K, 1 young (1024K), 1 survivors (1024K)
 Metaspace       used 81514K, capacity 83443K, committed 90032K, reserved 1126400K
  class space    used 10367K, capacity 10794K, committed 12208K, reserved 1048576K
}
Event: 9967.658 GC heap before
{Heap before GC invocations=1036 (full 476):
 garbage-first heap   total 220160K, used 127051K [0x0000000700000000, 0x00000007001006b8, 0x00000007c0000000)
  region size 1024K, 60 young (61440K), 1 survivors (1024K)
 Metaspace       used 81516K, capacity 83443K, committed 90032K, reserved 1126400K
  class space    used 10367K, capacity 10794K, committed 12208K, reserved 1048576K
}
Event: 9967.660 GC heap after
{Heap after GC invocations=1037 (full 476):
 garbage-first heap   total 220160K, used 66408K [0x0000000700000000, 0x00000007001006b8, 0x00000007c0000000)
  region size 1024K, 1 young (1024K), 1 survivors (1024K)
 Metaspace       used 81516K, capacity 83443K, committed 90032K, reserved 1126400K
  class space    used 10367K, capacity 10794K, committed 12208K, reserved 1048576K
}
Event: 9970.494 GC heap before
{Heap before GC invocations=1037 (full 476):
 garbage-first heap   total 220160K, used 126824K [0x0000000700000000, 0x00000007001006b8, 0x00000007c0000000)
  region size 1024K, 60 young (61440K), 1 survivors (1024K)
 Metaspace       used 81525K, capacity 83443K, committed 90032K, reserved 1126400K
  class space    used 10367K, capacity 10794K, committed 12208K, reserved 1048576K
}
Event: 9970.495 GC heap after
{Heap after GC invocations=1038 (full 476):
 garbage-first heap   total 220160K, used 66367K [0x0000000700000000, 0x00000007001006b8, 0x00000007c0000000)
  region size 1024K, 1 young (1024K), 1 survivors (1024K)
 Metaspace       used 81525K, capacity 83443K, committed 90032K, reserved 1126400K
  class space    used 10367K, capacity 10794K, committed 12208K, reserved 1048576K
}
Event: 9975.477 GC heap before
{Heap before GC invocations=1038 (full 476):
 garbage-first heap   total 220160K, used 126783K [0x0000000700000000, 0x00000007001006b8, 0x00000007c0000000)
  region size 1024K, 60 young (61440K), 1 survivors (1024K)
 Metaspace       used 81532K, capacity 83443K, committed 90032K, reserved 1126400K
  class space    used 10367K, capacity 10794K, committed 12208K, reserved 1048576K
}
Event: 9975.479 GC heap after
{Heap after GC invocations=1039 (full 476):
 garbage-first heap   total 220160K, used 66455K [0x0000000700000000, 0x00000007001006b8, 0x00000007c0000000)
  region size 1024K, 1 young (1024K), 1 survivors (1024K)
 Metaspace       used 81532K, capacity 83443K, committed 90032K, reserved 1126400K
  class space    used 10367K, capacity 10794K, committed 12208K, reserved 1048576K
}
Event: 9976.601 GC heap before
{Heap before GC invocations=1039 (full 476):
 garbage-first heap   total 220160K, used 126871K [0x0000000700000000, 0x00000007001006b8, 0x00000007c0000000)
  region size 1024K, 60 young (61440K), 1 survivors (1024K)
 Metaspace       used 81536K, capacity 83443K, committed 90032K, reserved 1126400K
  class space    used 10367K, capacity 10794K, committed 12208K, reserved 1048576K
}
Event: 9976.603 GC heap after
{Heap after GC invocations=1040 (full 476):
 garbage-first heap   total 220160K, used 66577K [0x0000000700000000, 0x00000007001006b8, 0x00000007c0000000)
  region size 1024K, 1 young (1024K), 1 survivors (1024K)
 Metaspace       used 81536K, capacity 83443K, committed 90032K, reserved 1126400K
  class space    used 10367K, capacity 10794K, committed 12208K, reserved 1048576K
}

Deoptimization events (10 events):
Event: 9960.950 Thread 0x000002296c439000 Uncommon trap: reason=speculate_class_check action=maybe_recompile pc=0x000002295e9ed1d0 method=javax.swing.tree.DefaultTreeCellRenderer.getTreeCellRendererComponent(Ljavax/swing/JTree;Ljava/lang/Object;ZZZIZ)Ljava/awt/Component; @ 147 c2
Event: 9960.960 Thread 0x000002296c439000 Uncommon trap: reason=speculate_class_check action=maybe_recompile pc=0x000002295f0597c8 method=javax.swing.DefaultListCellRenderer.getListCellRendererComponent(Ljavax/swing/JList;Ljava/lang/Object;IZZ)Ljava/awt/Component; @ 245 c2
Event: 9960.972 Thread 0x000002296c439000 Uncommon trap: reason=unstable_if action=reinterpret pc=0x000002295f1385a0 method=ui.utils.F.a(Lui/views/aQ;Z)V @ 81 c2
Event: 9961.050 Thread 0x000002296c439000 Uncommon trap: reason=speculate_class_check action=maybe_recompile pc=0x000002295f0597c8 method=javax.swing.DefaultListCellRenderer.getListCellRendererComponent(Ljavax/swing/JList;Ljava/lang/Object;IZZ)Ljava/awt/Component; @ 245 c2
Event: 9961.091 Thread 0x000002296c439000 Uncommon trap: reason=array_check action=maybe_recompile pc=0x000002295f4e55e4 method=javax.swing.SortingFocusTraversalPolicy.mergeSort([Ljava/lang/Object;[Ljava/lang/Object;IIILjava/util/Comparator;)V @ 68 c2
Event: 9961.091 Thread 0x000002296c439000 Uncommon trap: reason=array_check action=maybe_recompile pc=0x000002295f4e56c8 method=javax.swing.SortingFocusTraversalPolicy.mergeSort([Ljava/lang/Object;[Ljava/lang/Object;IIILjava/util/Comparator;)V @ 237 c2
Event: 9961.091 Thread 0x000002296c439000 Uncommon trap: reason=array_check action=maybe_recompile pc=0x000002295f4e56c8 method=javax.swing.SortingFocusTraversalPolicy.mergeSort([Ljava/lang/Object;[Ljava/lang/Object;IIILjava/util/Comparator;)V @ 237 c2
Event: 9962.542 Thread 0x000002296c439000 Uncommon trap: reason=array_check action=maybe_recompile pc=0x000002295f698a50 method=javax.swing.SortingFocusTraversalPolicy.mergeSort([Ljava/lang/Object;[Ljava/lang/Object;IIILjava/util/Comparator;)V @ 76 c2
Event: 9962.542 Thread 0x000002296c439000 Uncommon trap: reason=array_check action=maybe_recompile pc=0x000002295f698910 method=javax.swing.SortingFocusTraversalPolicy.mergeSort([Ljava/lang/Object;[Ljava/lang/Object;IIILjava/util/Comparator;)V @ 76 c2
Event: 9962.542 Thread 0x000002296c439000 Uncommon trap: reason=array_check action=maybe_recompile pc=0x000002295f698864 method=javax.swing.SortingFocusTraversalPolicy.mergeSort([Ljava/lang/Object;[Ljava/lang/Object;IIILjava/util/Comparator;)V @ 251 c2

Classes redefined (0 events):
No events

Internal exceptions (10 events):
Event: 9645.718 Thread 0x000002296c439000 Exception <a 'java/lang/NoSuchMethodError'{0x000000070bacf9f8}: java.lang.invoke.DelegatingMethodHandle$Holder.reinvoke_L(Ljava/lang/Object;IILjava/lang/Object;Ljava/lang/Object;Ljava/lang/Object;Ljava/lang/Object;Ljava/lang/Object;Ljava/lang/Object;Ljava
Event: 9645.719 Thread 0x000002296c439000 Exception <a 'java/lang/NoSuchMethodError'{0x000000070b921d00}: java.lang.invoke.DirectMethodHandle$Holder.invokeSpecial(Ljava/lang/Object;Ljava/lang/Object;Ljava/lang/Object;Ljava/lang/Object;Ljava/lang/Object;Ljava/lang/Object;Ljava/lang/Object;Ljava/la
Event: 9645.722 Thread 0x000002296c439000 Exception <a 'java/lang/NoSuchMethodError'{0x000000070b9a9be0}: java.lang.invoke.DirectMethodHandle$Holder.invokeSpecial(Ljava/lang/Object;Ljava/lang/Object;IILjava/lang/Object;IILjava/lang/Object;Ljava/lang/Object;)Ljava/lang/Object;> (0x000000070b9a9be0
Event: 9645.722 Thread 0x000002296c439000 Exception <a 'java/lang/NoSuchMethodError'{0x000000070b9ad518}: java.lang.invoke.DelegatingMethodHandle$Holder.reinvoke_L(Ljava/lang/Object;IILjava/lang/Object;IILjava/lang/Object;Ljava/lang/Object;)Ljava/lang/Object;> (0x000000070b9ad518) thrown at [t:/w
Event: 9645.724 Thread 0x000002296c439000 Exception <a 'java/lang/NoSuchMethodError'{0x000000070b804ee0}: java.lang.invoke.DirectMethodHandle$Holder.invokeSpecial(Ljava/lang/Object;Ljava/lang/Object;Ljava/lang/Object;IILjava/lang/Object;Ljava/lang/Object;)Ljava/lang/Object;> (0x000000070b804ee0) 
Event: 9645.788 Thread 0x000002296c439000 Exception <a 'java/lang/NoSuchMethodError'{0x000000070aad03d8}: java.lang.invoke.DelegatingMethodHandle$Holder.reinvoke_L(Ljava/lang/Object;IIILjava/lang/Object;II)Ljava/lang/Object;> (0x000000070aad03d8) thrown at [t:/workspace/hotspot/src/share/vm/inter
Event: 9860.480 Thread 0x000002296c439000 Implicit null exception at 0x000002295eba0a0c to 0x000002295eba1ad1
Event: 9860.480 Thread 0x000002296c439000 Implicit null exception at 0x000002295eb99469 to 0x000002295eb9968d
Event: 9860.891 Thread 0x000002296c439000 Exception <a 'java/lang/NoSuchMethodError'{0x000000070ec2ce70}: java.lang.invoke.DelegatingMethodHandle$Holder.reinvoke_L(Ljava/lang/Object;IILjava/lang/Object;Ljava/lang/Object;Ljava/lang/Object;)Ljava/lang/Object;> (0x000000070ec2ce70) thrown at [t:/wor
Event: 9960.972 Thread 0x000002296c439000 Implicit null exception at 0x000002295f136a10 to 0x000002295f13856d

Events (10 events):
Event: 9976.709 Executing VM operation: RevokeBias done
Event: 9977.389 Thread 0x000002296e2c0800 Thread added: 0x000002296e2c0800
Event: 9977.392 Thread 0x000002296e2c0800 Thread exited: 0x000002296e2c0800
Event: 9977.588 Thread 0x000002296e2c5000 Thread added: 0x000002296e2c5000
Event: 9977.591 Executing VM operation: RevokeBias
Event: 9977.591 Executing VM operation: RevokeBias done
Event: 9977.592 Executing VM operation: RevokeBias
Event: 9977.592 Executing VM operation: RevokeBias done
Event: 9978.391 Thread 0x000002296e2c6800 Thread added: 0x000002296e2c6800
Event: 9978.394 Thread 0x000002296e2c6800 Thread exited: 0x000002296e2c6800


Dynamic libraries:
0x00007ff792500000 - 0x00007ff792530000 	D:\Program\Vivado\Vivado\2019.2\bin\unwrapped\win64.o\vivado.exe
0x00007ffbbd6b0000 - 0x00007ffbbd8a8000 	C:\Windows\SYSTEM32\ntdll.dll
0x00007ffbbc820000 - 0x00007ffbbc8dd000 	C:\Windows\System32\KERNEL32.DLL
0x00007ffbbae70000 - 0x00007ffbbb13e000 	C:\Windows\System32\KERNELBASE.dll
0x00007ffbbb3e0000 - 0x00007ffbbb4e0000 	C:\Windows\System32\ucrtbase.dll
0x00007ffb844f0000 - 0x00007ffb8457e000 	C:\Windows\SYSTEM32\MSVCP140.dll
0x00007ffb7d710000 - 0x00007ffb7e653000 	D:\Program\Vivado\Vivado\2019.2\lib\win64.o\librdi_common.dll
0x00007ffbbbc40000 - 0x00007ffbbbde0000 	C:\Windows\System32\USER32.dll
0x00007ffb9b2d0000 - 0x00007ffb9b2eb000 	C:\Windows\SYSTEM32\VCRUNTIME140.dll
0x00007ffbb5c80000 - 0x00007ffbb5c96000 	D:\Program\Vivado\Vivado\2019.2\lib\win64.o\librdi_commonmain.dll
0x00007ffbbb5c0000 - 0x00007ffbbb5e2000 	C:\Windows\System32\win32u.dll
0x00007ffbb46a0000 - 0x00007ffbb46b4000 	D:\Program\Vivado\Vivado\2019.2\lib\win64.o\libboost_signals.dll
0x00007ffbbd510000 - 0x00007ffbbd53a000 	C:\Windows\System32\GDI32.dll
0x00007ffbbb2a0000 - 0x00007ffbbb3ab000 	C:\Windows\System32\gdi32full.dll
0x00007ffbbadd0000 - 0x00007ffbbae6d000 	C:\Windows\System32\msvcp_win.dll
0x00007ffbbc960000 - 0x00007ffbbca0e000 	C:\Windows\System32\ADVAPI32.dll
0x00007ffbbbba0000 - 0x00007ffbbbc3e000 	C:\Windows\System32\msvcrt.dll
0x00007ffba7550000 - 0x00007ffba755c000 	C:\Windows\SYSTEM32\VCRUNTIME140_1.dll
0x00007ffbbcdb0000 - 0x00007ffbbce4c000 	C:\Windows\System32\sechost.dll
0x00007ffbbba70000 - 0x00007ffbbbb95000 	C:\Windows\System32\RPCRT4.dll
0x00007ffb84090000 - 0x00007ffb843fe000 	D:\Program\Vivado\Vivado\2019.2\lib\win64.o\libCOIN-all.dll
0x00007ffbbbde0000 - 0x00007ffbbc524000 	C:\Windows\System32\SHELL32.dll
0x00007ffbb44d0000 - 0x00007ffbb44e4000 	D:\Program\Vivado\Vivado\2019.2\lib\win64.o\libboost_date_time.dll
0x00007ffbbb3b0000 - 0x00007ffbbb3d7000 	C:\Windows\System32\bcrypt.dll
0x00007ffbb44a0000 - 0x00007ffbb44c6000 	D:\Program\Vivado\Vivado\2019.2\lib\win64.o\libboost_filesystem.dll
0x00007ffbb4250000 - 0x00007ffbb42cf000 	D:\Program\Vivado\Vivado\2019.2\lib\win64.o\libboost_program_options.dll
0x00007ffbb3b90000 - 0x00007ffbb3ca4000 	D:\Program\Vivado\Vivado\2019.2\lib\win64.o\libboost_regex.dll
0x00007ffbb5c70000 - 0x00007ffbb5c7b000 	D:\Program\Vivado\Vivado\2019.2\lib\win64.o\libboost_system.dll
0x00007ffbb4420000 - 0x00007ffbb4441000 	D:\Program\Vivado\Vivado\2019.2\lib\win64.o\libboost_thread.dll
0x00007ffbb5b60000 - 0x00007ffbb5b6f000 	D:\Program\Vivado\Vivado\2019.2\lib\win64.o\libboost_xilinx.dll
0x00007ffbb41c0000 - 0x00007ffbb4242000 	D:\Program\Vivado\Vivado\2019.2\lib\win64.o\libhdlpsolve.dll
0x00007ffbb35f0000 - 0x00007ffbb3695000 	D:\Program\Vivado\Vivado\2019.2\lib\win64.o\libhdxml.dll
0x00007ffb81be0000 - 0x00007ffb827dc200 	D:\Program\Vivado\Vivado\2019.2\lib\win64.o\libisl_iostreams.dll
0x00007ffbb4190000 - 0x00007ffbb41be000 	D:\Program\Vivado\Vivado\2019.2\lib\win64.o\libisl_sysinfo.dll
0x00007ffbb4360000 - 0x00007ffbb437a000 	D:\Program\Vivado\Vivado\2019.2\lib\win64.o\pthreadVC2.dll
0x00007ffbbd5d0000 - 0x00007ffbbd63b000 	C:\Windows\System32\WS2_32.dll
0x00007ffbb3580000 - 0x00007ffbb35e5000 	D:\Program\Vivado\Vivado\2019.2\lib\win64.o\liblmx6.0.dll
0x00007ffb84af0000 - 0x00007ffb84c91000 	D:\Program\Vivado\Vivado\2019.2\lib\win64.o\librdi_commonxillic.dll
0x00007ffbb3a00000 - 0x00007ffbb3a1c000 	D:\Program\Vivado\Vivado\2019.2\lib\win64.o\librdiconfig.dll
0x00007ffbb3490000 - 0x00007ffbb34b1000 	D:\Program\Vivado\Vivado\2019.2\lib\win64.o\librdizlib.dll
0x000000005de00000 - 0x000000005df2b000 	D:\Program\Vivado\Vivado\2019.2\lib\win64.o\tcl85t.dll
0x0000000012000000 - 0x0000000012270000 	D:\Program\Vivado\Vivado\2019.2\lib\win64.o\xerces-c_3_1.dll
0x00007ffbb4690000 - 0x00007ffbb469a000 	D:\Program\Vivado\Vivado\2019.2\lib\win64.o\librdi_commonversion.dll
0x00007ffba1710000 - 0x00007ffba1be6000 	C:\Windows\SYSTEM32\WININET.dll
0x00007ffbb37c0000 - 0x00007ffbb38ca000 	C:\Windows\SYSTEM32\WINHTTP.dll
0x00007ffba6240000 - 0x00007ffba625a000 	C:\Windows\SYSTEM32\NETAPI32.dll
0x00007ffbb2710000 - 0x00007ffbb28fc000 	C:\Windows\SYSTEM32\urlmon.dll
0x00007ffb7c870000 - 0x00007ffb7d701000 	D:\Program\Vivado\Vivado\2019.2\lib\win64.o\gurobi65.dll
0x00007ffbb3100000 - 0x00007ffbb3131000 	C:\Windows\SYSTEM32\VCOMP140.DLL
0x00007ffba12b0000 - 0x00007ffba12b9000 	C:\Windows\SYSTEM32\WSOCK32.dll
0x00007ffbb4490000 - 0x00007ffbb449d000 	D:\Program\Vivado\Vivado\2019.2\lib\win64.o\libboost_chrono.dll
0x00007ffbb3470000 - 0x00007ffbb348b000 	D:\Program\Vivado\Vivado\2019.2\lib\win64.o\libboost_iostreams.dll
0x00007ffbb2f80000 - 0x00007ffbb2fa5000 	D:\Program\Vivado\Vivado\2019.2\lib\win64.o\libisl_iosutils.dll
0x00007ffb83db0000 - 0x00007ffb8408b000 	D:\Program\Vivado\Vivado\2019.2\lib\win64.o\libXil_lmgr11.dll
0x00007ffbaf700000 - 0x00007ffbaf9b1000 	C:\Windows\SYSTEM32\iertutil.dll
0x00007ffbbcac0000 - 0x00007ffbbcb9a000 	C:\Windows\System32\COMDLG32.dll
0x00007ffbbb710000 - 0x00007ffbbba64000 	C:\Windows\System32\combase.dll
0x00007ffbaf9c0000 - 0x00007ffbaf9e8000 	C:\Windows\SYSTEM32\srvcli.dll
0x00007ffbbd460000 - 0x00007ffbbd50d000 	C:\Windows\System32\shcore.dll
0x00007ffbba340000 - 0x00007ffbba34c000 	C:\Windows\SYSTEM32\netutils.dll
0x00007ffbbcba0000 - 0x00007ffbbcbf5000 	C:\Windows\System32\SHLWAPI.dll
0x00007ffbbc620000 - 0x00007ffbbc6ed000 	C:\Windows\System32\OLEAUT32.dll
0x00007ffbbc6f0000 - 0x00007ffbbc81a000 	C:\Windows\System32\ole32.dll
0x00007ffba7de0000 - 0x00007ffba7e90000 	C:\Windows\WinSxS\amd64_microsoft.windows.common-controls_6595b64144ccf1df_5.82.19041.1110_none_792d1c772443f647\COMCTL32.dll
0x00007ffbbb5f0000 - 0x00007ffbbb658000 	C:\Windows\System32\WINTRUST.dll
0x00007ffbbb140000 - 0x00007ffbbb296000 	C:\Windows\System32\CRYPT32.dll
0x00007ffbb1300000 - 0x00007ffbb131d000 	C:\Windows\SYSTEM32\dhcpcsvc.DLL
0x00007ffbbd640000 - 0x00007ffbbd670000 	C:\Windows\System32\IMM32.DLL
0x00007ffbba9c0000 - 0x00007ffbba9d2000 	C:\Windows\SYSTEM32\MSASN1.dll
0x00007ffbb9660000 - 0x00007ffbb9672000 	C:\Windows\SYSTEM32\kernel.appcore.dll
0x00007ffb83890000 - 0x00007ffb83da7000 	D:\Program\Vivado\Vivado\2019.2\lib\win64.o\librdi_commontasks.dll
0x00007ffbb12f0000 - 0x00007ffbb12fa000 	C:\Windows\SYSTEM32\VERSION.dll
0x000000005ce90000 - 0x000000005d8b5000 	D:\Program\Vivado\Vivado\2019.2\tps\win64\jre9.0.4\bin\server\jvm.dll
0x00007ffb83400000 - 0x00007ffb836e3000 	D:\Program\Vivado\Vivado\2019.2\lib\win64.o\librdi_sio.dll
0x00007ffbbc950000 - 0x00007ffbbc958000 	C:\Windows\System32\PSAPI.DLL
0x00007ffbb0420000 - 0x00007ffbb0447000 	C:\Windows\SYSTEM32\WINMM.dll
0x00007ffbba230000 - 0x00007ffbba26b000 	C:\Windows\SYSTEM32\IPHLPAPI.DLL
0x00007ffbba590000 - 0x00007ffbba5fa000 	C:\Windows\SYSTEM32\MSWSOCK.DLL
0x00007ffb831f0000 - 0x00007ffb832df000 	C:\Windows\SYSTEM32\MSVCR120.dll
0x00007ffbb8b10000 - 0x00007ffbb92a4000 	C:\Windows\SYSTEM32\windows.storage.dll
0x00007ffbba830000 - 0x00007ffbba860000 	C:\Windows\SYSTEM32\Wldp.dll
0x00007ffb7a120000 - 0x00007ffb7c865000 	D:\Program\Vivado\Vivado\2019.2\lib\win64.o\librdi_tcltasks.dll
0x00007ffba7770000 - 0x00007ffba77eb000 	D:\Program\Vivado\Vivado\2019.2\lib\win64.o\librdi_boarddep.dll
0x00007ffb82b90000 - 0x00007ffb82d2d000 	D:\Program\Vivado\Vivado\2019.2\lib\win64.o\librdi_board.dll
0x00007ffb82d30000 - 0x00007ffb831e4000 	D:\Program\Vivado\Vivado\2019.2\lib\win64.o\librdi_bitstream.dll
0x00007ffb82a30000 - 0x00007ffb82b82000 	D:\Program\Vivado\Vivado\2019.2\lib\win64.o\librdi_cd_client.dll
0x00007ffb82940000 - 0x00007ffb82a2f000 	D:\Program\Vivado\Vivado\2019.2\lib\win64.o\librdi_chipscope.dll
0x00007ffb78480000 - 0x00007ffb78640000 	D:\Program\Vivado\Vivado\2019.2\lib\win64.o\librdi_chipscopeimpl.dll
0x00007ffb78150000 - 0x00007ffb78474000 	D:\Program\Vivado\Vivado\2019.2\lib\win64.o\librdi_containers.dll
0x00007ffb6dfb0000 - 0x00007ffb7227b000 	D:\Program\Vivado\Vivado\2019.2\lib\win64.o\librdi_designutils.dll
0x00007ffb75a80000 - 0x00007ffb76159000 	D:\Program\Vivado\Vivado\2019.2\lib\win64.o\librdi_coregenipxact.dll
0x00007ffb78640000 - 0x00007ffb7a11a000 	D:\Program\Vivado\Vivado\2019.2\lib\win64.o\librdi_constraints.dll
0x00007ffb75730000 - 0x00007ffb75a7a000 	D:\Program\Vivado\Vivado\2019.2\lib\win64.o\librdi_dlyest.dll
0x00007ffb76160000 - 0x00007ffb78150000 	D:\Program\Vivado\Vivado\2019.2\lib\win64.o\librdi_coregen.dll
0x00007ffb75160000 - 0x00007ffb7572d000 	D:\Program\Vivado\Vivado\2019.2\lib\win64.o\librdi_drc.dll
0x00007ffb85dc0000 - 0x00007ffb85e84000 	D:\Program\Vivado\Vivado\2019.2\lib\win64.o\librdi_dsp.dll
0x00007ffb747e0000 - 0x00007ffb74af0000 	D:\Program\Vivado\Vivado\2019.2\lib\win64.o\librdi_guitools.dll
0x00007ffb74af0000 - 0x00007ffb7515b000 	D:\Program\Vivado\Vivado\2019.2\lib\win64.o\librdi_filemgmt.dll
0x00007ffb84e50000 - 0x00007ffb84eba000 	D:\Program\Vivado\Vivado\2019.2\lib\win64.o\librdi_hdf.dll
0x00007ffb3e410000 - 0x00007ffb52fbb000 	D:\Program\Vivado\Vivado\2019.2\lib\win64.o\librdi_device.dll
0x00007ffb745c0000 - 0x00007ffb747e0000 	D:\Program\Vivado\Vivado\2019.2\lib\win64.o\librdi_hip_devdesign.dll
0x00007ffb74470000 - 0x00007ffb745b8000 	D:\Program\Vivado\Vivado\2019.2\lib\win64.o\librdi_hip_perf_analysis.dll
0x00007ffb83810000 - 0x00007ffb83884000 	D:\Program\Vivado\Vivado\2019.2\lib\win64.o\librdi_memoryarray.dll
0x00007ffb6d970000 - 0x00007ffb6dfa1000 	D:\Program\Vivado\Vivado\2019.2\lib\win64.o\librdi_memdata.dll
0x00007ffb72d00000 - 0x00007ffb7446d000 	D:\Program\Vivado\Vivado\2019.2\lib\win64.o\librdi_implflow.dll
0x00007ffb97a40000 - 0x00007ffb97a8c000 	D:\Program\Vivado\Vivado\2019.2\lib\win64.o\librdi_pfi.dll
0x00007ffb6a4b0000 - 0x00007ffb6ab93000 	D:\Program\Vivado\Vivado\2019.2\lib\win64.o\librdi_netlist.dll
0x00007ffb72720000 - 0x00007ffb72a3b000 	D:\Program\Vivado\Vivado\2019.2\lib\win64.o\librdi_platform.dll
0x00007ffb673d0000 - 0x00007ffb67bdb000 	D:\Program\Vivado\Vivado\2019.2\lib\win64.o\librdi_power.dll
0x00007ffb66e10000 - 0x00007ffb673ca000 	D:\Program\Vivado\Vivado\2019.2\lib\win64.o\librdi_project.dll
0x00007ffb666d0000 - 0x00007ffb66e03000 	D:\Program\Vivado\Vivado\2019.2\lib\win64.o\librdi_psta.dll
0x00007ffb67be0000 - 0x00007ffb6a4a7000 	D:\Program\Vivado\Vivado\2019.2\lib\win64.o\librdi_place.dll
0x00007ffb66000000 - 0x00007ffb666c1000 	D:\Program\Vivado\Vivado\2019.2\lib\win64.o\librdi_rsb.dll
0x00007ffb65bd0000 - 0x00007ffb65ff3000 	D:\Program\Vivado\Vivado\2019.2\lib\win64.o\librdi_runs.dll
0x00007ffb72bf0000 - 0x00007ffb72cf8000 	D:\Program\Vivado\Vivado\2019.2\lib\win64.o\librdi_runsbase.dll
0x00007ffb65950000 - 0x00007ffb65bc5000 	D:\Program\Vivado\Vivado\2019.2\lib\win64.o\librdi_simdata.dll
0x00007ffb64ac0000 - 0x00007ffb6594d000 	D:\Program\Vivado\Vivado\2019.2\lib\win64.o\librdi_timing.dll
0x00007ffb6aba0000 - 0x00007ffb6d96b000 	D:\Program\Vivado\Vivado\2019.2\lib\win64.o\librdi_mig.dll
0x00007ffb64920000 - 0x00007ffb64ac0000 	D:\Program\Vivado\Vivado\2019.2\lib\win64.o\librdi_cd_protocol.dll
0x00007ffb64770000 - 0x00007ffb64911000 	D:\Program\Vivado\Vivado\2019.2\lib\win64.o\librdi_advchipscopeimpl.dll
0x00007ffb8cbc0000 - 0x00007ffb8cc0c000 	D:\Program\Vivado\Vivado\2019.2\lib\win64.o\libboost_serialization.dll
0x00007ffb64580000 - 0x00007ffb64764000 	D:\Program\Vivado\Vivado\2019.2\lib\win64.o\librdi_hip_config.dll
0x00007ffb86c40000 - 0x00007ffb86c8a000 	D:\Program\Vivado\Vivado\2019.2\lib\win64.o\librdi_noc_frameworks.dll
0x00007ffb634e0000 - 0x00007ffb63a2e000 	D:\Program\Vivado\Vivado\2019.2\lib\win64.o\librdi_xdm.dll
0x00007ffb63a30000 - 0x00007ffb64577000 	D:\Program\Vivado\Vivado\2019.2\lib\win64.o\libverific.dll
0x00007ffb72b10000 - 0x00007ffb72be7000 	D:\Program\Vivado\Vivado\2019.2\lib\win64.o\librdi_ipconfig_readwrite.dll
0x00007ffb83360000 - 0x00007ffb833fe000 	D:\Program\Vivado\Vivado\2019.2\lib\win64.o\libise.dll
0x00007ffb84aa0000 - 0x00007ffb84aea000 	D:\Program\Vivado\Vivado\2019.2\lib\win64.o\librdi_wavedata_SimpleApi.dll

VM Arguments:
jvm_args: -Dsun.java2d.pmoffscreen=false -Dsun.java2d.xrender=false -Dsun.java2d.d3d=false -Dsun.awt.nopixfmt=true -Dsun.java2d.dpiaware=true -Dsun.java2d.uiScale.enabled=false -Xverify:none -Dswing.aatext=true -XX:-UsePerfData -Djdk.map.althashing.threshold=512 -XX:StringTableSize=4072 --add-opens=java.base/java.nio=ALL-UNNAMED --add-opens=java.desktop/sun.swing=ALL-UNNAMED --add-opens=java.desktop/javax.swing=ALL-UNNAMED --add-opens=java.desktop/javax.swing.tree=ALL-UNNAMED --add-opens=java.desktop/javax.swing.plaf.basic=ALL-UNNAMED --add-opens=java.desktop/javax.swing.plaf.synth=ALL-UNNAMED --add-opens=java.desktop/com.sun.awt=ALL-UNNAMED -XX:NewSize=60m -XX:MaxNewSize=60m -Xms128m -Xmx3072m -Xss5m 
java_command: <unknown>
java_class_path (initial): D:/Program/Vivado/Vivado/2019.2\lib\classes\alloy.jar;D:/Program/Vivado/Vivado/2019.2\lib\classes\autoesl-common.jar;D:/Program/Vivado/Vivado/2019.2\lib\classes\autoesl-models.jar;D:/Program/Vivado/Vivado/2019.2\lib\classes\autoesl-report.jar;D:/Program/Vivado/Vivado/2019.2\lib\classes\autopilot.scelaborator.jar;D:/Program/Vivado/Vivado/2019.2\lib\classes\autopilot.sourceprocessor.jar;D:/Program/Vivado/Vivado/2019.2\lib\classes\autopilot.tbprocessor.jar;D:/Program/Vivado/Vivado/2019.2\lib\classes\batik-anim.jar;D:/Program/Vivado/Vivado/2019.2\lib\classes\batik-awt-util.jar;D:/Program/Vivado/Vivado/2019.2\lib\classes\batik-bridge.jar;D:/Program/Vivado/Vivado/2019.2\lib\classes\batik-codec.jar;D:/Program/Vivado/Vivado/2019.2\lib\classes\batik-css.jar;D:/Program/Vivado/Vivado/2019.2\lib\classes\batik-dom.jar;D:/Program/Vivado/Vivado/2019.2\lib\classes\batik-ext.jar;D:/Program/Vivado/Vivado/2019.2\lib\classes\batik-gui-util.jar;D:/Program/Vivado/Vivado/2019.2\lib\classes\batik-gvt.jar;D:/Program/Vivado/Vivado/2019.2\lib\classes\batik-parser.jar;D:/Program/Vivado/Vivado/2019.2\lib\classes\batik-script.jar;D:/Program/Vivado/Vivado/2019.2\lib\classes\batik-svg-dom.jar;D:/Program/Vivado/Vivado/2019.2\lib\classes\batik-swing.jar;D:/Program/Vivado/Vivado/2019.2\lib\classes\batik-transcoder.jar;D:/Program/Vivado/Vivado/2019.2\lib\classes\batik-util.jar;D:/Program/Vivado/Vivado/2019.2\lib\classes\batik-xml.jar;D:/Program/Vivado/Vivado/2019.2\lib\classes\com.google.gson_2.7.0.v20170129-0911.jar;D:/Program/Vivado/Vivado/2019.2\lib\classes\com.google.guava_21.0.0.v20170206-1425.jar;D:/Program/Vivado/Vivado/2019.2\lib\classes\com.ibm.icu_4.4.2.v20110208.jar;D:/Program/Vivado/Vivado/2019.2\lib\classes\com.sigasi.hdt.connection_4.5.0.201909241521.jar;D:/Program/Vivado/Vivado/2019.2\lib\classes\com.sigasi.hdt.epl_4.5.0.201909241521.jar;D:/Program/Vivado/Vivado/2019.2\lib\classes\com.sigasi.hdt.project_4.5.0.201909241521.jar;D:/Program/Vivado/Vivado/2019.2\
Launcher Type: generic

Logging:
Log output configuration:
#0: stdout all=warning uptime,level,tags
#1: stderr all=off uptime,level,tags

Environment Variables:
PATH=D:/Program/Vivado/Vivado/2019.2/bin;D:/Program/Vivado/Vivado/2019.2/lib/win64.o;D:/Program/Vivado/Vivado/2019.2/tps/win64/jre9.0.4/bin/server;D:/Program/Vivado/Vivado/2019.2/tps/win64/jre9.0.4/bin;D:/Program/Vivado/Vivado/2019.2/ids_lite/ISE/bin/nt64;D:/Program/Vivado/Vivado/2019.2/ids_lite/ISE/lib/nt64;C:\Program Files\Eclipse Adoptium\jdk-17.0.2.8-hotspot\bin;C:\Program Files (x86)\VMware\VMware Workstation\bin\;C:\Program Files\NVIDIA GPU Computing Toolkit\CUDA\v11.5\bin;C:\Program Files\NVIDIA GPU Computing Toolkit\CUDA\v11.5\libnvvp;C:\Program Files (x86)\Common Files\Oracle\Java\javapath;C:\Windows\system32;C:\Windows;C:\Windows\System32\Wbem;C:\Windows\System32\WindowsPowerShell\v1.0\;C:\Windows\System32\OpenSSH\;C:\Program Files (x86)\NVIDIA Corporation\PhysX\Common;C:\Program Files\Git\cmd;C:\Program Files\Polyspace\R2021a\runtime\win64;C:\Program Files\Polyspace\R2021a\bin;C:\Program Files\Polyspace\R2021a\polyspace\bin;C:\Program Files\NVIDIA Corporation\Nsight Compute 2021.3.0\;C:\Program Files\nodejs\;C:\Users\ZYX\AppData\Local\Microsoft\WindowsApps;C:\Program Files\Bandizip\;C:\Users\ZYX\AppData\Local\Programs\Microsoft VS Code\bin;C:\Users\ZYX\AppData\Local\Packages\PythonSoftwareFoundation.Python.3.9_qbz5n2kfra8p0\LocalCache\local-packages\Python39\Scripts;C:\Users\ZYX\anaconda3\Scripts;C:\Program Files\JetBrains\PyCharm Community Edition 2021.2.3\bin;;C:\Program Files\NVIDIA GPU Computing Toolkit\CUDA\v11.5;C:\Users\ZYX\AppData\Roaming\npm;C:\Profile\MinGW\bin;C:\Profile\GHC\bin;C:\Profile\Wget;C:\Profile\GnuWin32\bin;D:\Program\IntelliJ IDEA Community Edition 2021.3.3\bin;C:\Profile\Antler;C:\masm32\bin;C:\masm32;C:\Profile\powershell;C:\Profile\prince-14.2-win64\bin;C:\Profile\verible;D:/Program/Vivado/Vivado/2019.2\tps\mingw\6.2.0\win64.o\nt\bin;D:/Program/Vivado/Vivado/2019.2\tps\mingw\6.2.0\win64.o\nt\libexec\gcc\x86_64-w64-mingw32\6.2.0;D:/Program/Vivado/Vivado/2019.2\tps\win64\python-2.7.5;D:/Program/Vivado/Vivado/2019.2\tps\win64\python-2.
USERNAME=ZYX
OS=Windows_NT
PROCESSOR_IDENTIFIER=Intel64 Family 6 Model 158 Stepping 10, GenuineIntel



---------------  S Y S T E M  ---------------

OS: Windows 10 , 64 bit Build 19041 (10.0.19041.1889)

CPU:total 12 (initial active 12) (6 cores per cpu, 2 threads per core) family 6 model 158 stepping 10, cmov, cx8, fxsr, mmx, sse, sse2, sse3, ssse3, sse4.1, sse4.2, popcnt, avx, avx2, aes, clmul, erms, 3dnowpref, lzcnt, ht, tsc, tscinvbit, bmi1, bmi2, adx, fma

Memory: 4k page, physical 16685172k(8372612k free), swap 23500916k(11591908k free)

vm_info: Java HotSpot(TM) 64-Bit Server VM (9.0.4+11) for windows-amd64 JRE (9.0.4+11), built on Dec 20 2017 02:18:54 by "mach5one" with MS VC++ 12.0 (VS2013)

END.
